{"/home/travis/build/npmtest/node-npmtest-oclazyload/test.js":{"path":"/home/travis/build/npmtest/node-npmtest-oclazyload/test.js","s":{"1":2,"2":2,"3":2,"4":2,"5":2,"6":2,"7":2,"8":1,"9":2,"10":2,"11":1,"12":1,"13":1,"14":1,"15":2,"16":2,"17":2,"18":2,"19":1,"20":1,"21":2,"22":2,"23":2,"24":1,"25":1,"26":1,"27":1,"28":1,"29":1,"30":1,"31":1,"32":1,"33":1,"34":1,"35":1,"36":1,"37":1,"38":1,"39":2,"40":2,"41":1,"42":2,"43":2,"44":1,"45":2,"46":2,"47":1,"48":2,"49":2,"50":1,"51":1,"52":1,"53":1,"54":1},"b":{"1":[2,1,1,1],"2":[1,1,1,1],"3":[1,1],"4":[1,1],"5":[1,1],"6":[1,1],"7":[1,1],"8":[1,1],"9":[1,1],"10":[1,1,1],"11":[1,1],"12":[1,1],"13":[1,1],"14":[1,1],"15":[1,1],"16":[1,1],"17":[1,1]},"f":{"1":2,"2":2,"3":2,"4":2,"5":2,"6":1,"7":1,"8":1,"9":2,"10":2,"11":2,"12":2,"13":1},"fnMap":{"1":{"name":"(anonymous_1)","line":12,"loc":{"start":{"line":12,"column":1},"end":{"line":12,"column":13}}},"2":{"name":"(anonymous_2)","line":19,"loc":{"start":{"line":19,"column":5},"end":{"line":19,"column":17}}},"3":{"name":"(anonymous_3)","line":23,"loc":{"start":{"line":23,"column":24},"end":{"line":23,"column":36}}},"4":{"name":"(anonymous_4)","line":61,"loc":{"start":{"line":61,"column":5},"end":{"line":61,"column":17}}},"5":{"name":"(anonymous_5)","line":82,"loc":{"start":{"line":82,"column":5},"end":{"line":82,"column":17}}},"6":{"name":"(anonymous_6)","line":91,"loc":{"start":{"line":91,"column":77},"end":{"line":94,"column":10}}},"7":{"name":"(anonymous_7)","line":112,"loc":{"start":{"line":112,"column":83},"end":{"line":115,"column":10}},"skip":true},"8":{"name":"(anonymous_8)","line":123,"loc":{"start":{"line":123,"column":77},"end":{"line":126,"column":10}},"skip":true},"9":{"name":"(anonymous_9)","line":139,"loc":{"start":{"line":139,"column":12},"end":{"line":139,"column":40}},"skip":true},"10":{"name":"(anonymous_10)","line":147,"loc":{"start":{"line":147,"column":77},"end":{"line":150,"column":10}},"skip":true},"11":{"name":"(anonymous_11)","line":158,"loc":{"start":{"line":158,"column":83},"end":{"line":161,"column":10}},"skip":true},"12":{"name":"(anonymous_12)","line":169,"loc":{"start":{"line":169,"column":79},"end":{"line":172,"column":10}},"skip":true},"13":{"name":"(anonymous_13)","line":180,"loc":{"start":{"line":180,"column":75},"end":{"line":183,"column":10}},"skip":true}},"statementMap":{"1":{"start":{"line":12,"column":0},"end":{"line":195,"column":5}},"2":{"start":{"line":14,"column":4},"end":{"line":14,"column":14}},"3":{"start":{"line":19,"column":4},"end":{"line":56,"column":9}},"4":{"start":{"line":21,"column":8},"end":{"line":21,"column":19}},"5":{"start":{"line":23,"column":8},"end":{"line":35,"column":13}},"6":{"start":{"line":24,"column":12},"end":{"line":34,"column":13}},"7":{"start":{"line":25,"column":16},"end":{"line":28,"column":30}},"8":{"start":{"line":30,"column":16},"end":{"line":33,"column":27}},"9":{"start":{"line":37,"column":8},"end":{"line":39,"column":21}},"10":{"start":{"line":40,"column":8},"end":{"line":53,"column":9}},"11":{"start":{"line":43,"column":12},"end":{"line":46,"column":14}},"12":{"start":{"line":47,"column":12},"end":{"line":47,"column":18}},"13":{"start":{"line":50,"column":12},"end":{"line":51,"column":33}},"14":{"start":{"line":52,"column":12},"end":{"line":52,"column":18}},"15":{"start":{"line":55,"column":8},"end":{"line":55,"column":35}},"16":{"start":{"line":61,"column":4},"end":{"line":63,"column":9}},"17":{"start":{"line":62,"column":8},"end":{"line":62,"column":15}},"18":{"start":{"line":64,"column":4},"end":{"line":77,"column":5}},"19":{"start":{"line":70,"column":8},"end":{"line":70,"column":14}},"20":{"start":{"line":76,"column":8},"end":{"line":76,"column":14}},"21":{"start":{"line":82,"column":4},"end":{"line":84,"column":9}},"22":{"start":{"line":83,"column":8},"end":{"line":83,"column":15}},"23":{"start":{"line":85,"column":4},"end":{"line":194,"column":5}},"24":{"start":{"line":91,"column":8},"end":{"line":99,"column":10}},"25":{"start":{"line":98,"column":12},"end":{"line":98,"column":35}},"26":{"start":{"line":102,"column":8},"end":{"line":104,"column":63}},"27":{"start":{"line":105,"column":8},"end":{"line":105,"column":14}},"28":{"start":{"line":112,"column":8},"end":{"line":121,"column":10},"skip":true},"29":{"start":{"line":119,"column":12},"end":{"line":119,"column":55},"skip":true},"30":{"start":{"line":120,"column":12},"end":{"line":120,"column":48},"skip":true},"31":{"start":{"line":123,"column":8},"end":{"line":136,"column":10},"skip":true},"32":{"start":{"line":130,"column":12},"end":{"line":130,"column":76},"skip":true},"33":{"start":{"line":131,"column":12},"end":{"line":131,"column":73},"skip":true},"34":{"start":{"line":132,"column":12},"end":{"line":132,"column":74},"skip":true},"35":{"start":{"line":133,"column":12},"end":{"line":133,"column":79},"skip":true},"36":{"start":{"line":134,"column":12},"end":{"line":134,"column":25},"skip":true},"37":{"start":{"line":135,"column":12},"end":{"line":135,"column":45},"skip":true},"38":{"start":{"line":138,"column":8},"end":{"line":145,"column":14},"skip":true},"39":{"start":{"line":143,"column":16},"end":{"line":143,"column":29},"skip":true},"40":{"start":{"line":144,"column":16},"end":{"line":144,"column":55},"skip":true},"41":{"start":{"line":147,"column":8},"end":{"line":156,"column":10},"skip":true},"42":{"start":{"line":154,"column":12},"end":{"line":154,"column":25},"skip":true},"43":{"start":{"line":155,"column":12},"end":{"line":155,"column":45},"skip":true},"44":{"start":{"line":158,"column":8},"end":{"line":167,"column":10},"skip":true},"45":{"start":{"line":165,"column":12},"end":{"line":165,"column":25},"skip":true},"46":{"start":{"line":166,"column":12},"end":{"line":166,"column":48},"skip":true},"47":{"start":{"line":169,"column":8},"end":{"line":178,"column":10},"skip":true},"48":{"start":{"line":176,"column":12},"end":{"line":176,"column":25},"skip":true},"49":{"start":{"line":177,"column":12},"end":{"line":177,"column":46},"skip":true},"50":{"start":{"line":180,"column":8},"end":{"line":189,"column":10},"skip":true},"51":{"start":{"line":187,"column":12},"end":{"line":187,"column":94},"skip":true},"52":{"start":{"line":188,"column":12},"end":{"line":188,"column":48},"skip":true},"53":{"start":{"line":192,"column":8},"end":{"line":192,"column":35},"skip":true},"54":{"start":{"line":193,"column":8},"end":{"line":193,"column":14},"skip":true}},"branchMap":{"1":{"line":25,"type":"binary-expr","locations":[{"start":{"line":25,"column":23},"end":{"line":25,"column":62}},{"start":{"line":26,"column":20},"end":{"line":26,"column":70}},{"start":{"line":27,"column":20},"end":{"line":27,"column":71}},{"start":{"line":28,"column":20},"end":{"line":28,"column":29}}]},"2":{"line":30,"type":"binary-expr","locations":[{"start":{"line":30,"column":23},"end":{"line":30,"column":37}},{"start":{"line":31,"column":20},"end":{"line":31,"column":61}},{"start":{"line":32,"column":20},"end":{"line":32,"column":70}},{"start":{"line":33,"column":20},"end":{"line":33,"column":26}}]},"3":{"line":37,"type":"cond-expr","locations":[{"start":{"line":38,"column":14},"end":{"line":38,"column":20}},{"start":{"line":39,"column":14},"end":{"line":39,"column":20}}]},"4":{"line":40,"type":"switch","locations":[{"start":{"line":42,"column":8},"end":{"line":47,"column":18}},{"start":{"line":49,"column":8},"end":{"line":52,"column":18}}]},"5":{"line":44,"type":"binary-expr","locations":[{"start":{"line":44,"column":16},"end":{"line":44,"column":44}},{"start":{"line":44,"column":48},"end":{"line":44,"column":66}}]},"6":{"line":50,"type":"binary-expr","locations":[{"start":{"line":50,"column":21},"end":{"line":50,"column":49}},{"start":{"line":50,"column":53},"end":{"line":50,"column":72}}]},"7":{"line":64,"type":"switch","locations":[{"start":{"line":69,"column":4},"end":{"line":70,"column":14}},{"start":{"line":75,"column":4},"end":{"line":76,"column":14}}]},"8":{"line":85,"type":"switch","locations":[{"start":{"line":90,"column":4},"end":{"line":105,"column":14}},{"start":{"line":111,"column":4},"end":{"line":193,"column":14},"skip":true}]},"9":{"line":91,"type":"binary-expr","locations":[{"start":{"line":91,"column":42},"end":{"line":91,"column":73}},{"start":{"line":91,"column":77},"end":{"line":99,"column":9}}]},"10":{"line":102,"type":"binary-expr","locations":[{"start":{"line":102,"column":18},"end":{"line":102,"column":32}},{"start":{"line":103,"column":12},"end":{"line":103,"column":53}},{"start":{"line":104,"column":12},"end":{"line":104,"column":61}}]},"11":{"line":112,"type":"binary-expr","locations":[{"start":{"line":112,"column":45},"end":{"line":112,"column":79},"skip":true},{"start":{"line":112,"column":83},"end":{"line":121,"column":9},"skip":true}]},"12":{"line":123,"type":"binary-expr","locations":[{"start":{"line":123,"column":42},"end":{"line":123,"column":73},"skip":true},{"start":{"line":123,"column":77},"end":{"line":136,"column":9},"skip":true}]},"13":{"line":138,"type":"binary-expr","locations":[{"start":{"line":138,"column":48},"end":{"line":138,"column":85},"skip":true},{"start":{"line":139,"column":12},"end":{"line":145,"column":13},"skip":true}]},"14":{"line":147,"type":"binary-expr","locations":[{"start":{"line":147,"column":42},"end":{"line":147,"column":73},"skip":true},{"start":{"line":147,"column":77},"end":{"line":156,"column":9},"skip":true}]},"15":{"line":158,"type":"binary-expr","locations":[{"start":{"line":158,"column":45},"end":{"line":158,"column":79},"skip":true},{"start":{"line":158,"column":83},"end":{"line":167,"column":9},"skip":true}]},"16":{"line":169,"type":"binary-expr","locations":[{"start":{"line":169,"column":43},"end":{"line":169,"column":75},"skip":true},{"start":{"line":169,"column":79},"end":{"line":178,"column":9},"skip":true}]},"17":{"line":180,"type":"binary-expr","locations":[{"start":{"line":180,"column":41},"end":{"line":180,"column":71},"skip":true},{"start":{"line":180,"column":75},"end":{"line":189,"column":9},"skip":true}]}},"code":["/* istanbul instrument in package npmtest_oclazyload */","/*jslint","    bitwise: true,","    browser: true,","    maxerr: 8,","    maxlen: 96,","    node: true,","    nomen: true,","    regexp: true,","    stupid: true","*/","(function () {","    'use strict';","    var local;","","","","    // run shared js-env code - init-before","    (function () {","        // init local","        local = {};","        // init modeJs","        local.modeJs = (function () {","            try {","                return typeof navigator.userAgent === 'string' &&","                    typeof document.querySelector('body') === 'object' &&","                    typeof XMLHttpRequest.prototype.open === 'function' &&","                    'browser';","            } catch (errorCaughtBrowser) {","                return module.exports &&","                    typeof process.versions.node === 'string' &&","                    typeof require('http').createServer === 'function' &&","                    'node';","            }","        }());","        // init global","        local.global = local.modeJs === 'browser'","            ? window","            : global;","        switch (local.modeJs) {","        // re-init local from window.local","        case 'browser':","            local = local.global.utility2.objectSetDefault(","                local.global.utility2_rollup || local.global.local,","                local.global.utility2","            );","            break;","        // re-init local from example.js","        case 'node':","            local = (local.global.utility2_rollup || require('utility2'))","                .requireReadme();","            break;","        }","        // export local","        local.global.local = local;","    }());","","","","    // run shared js-env code - function","    (function () {","        return;","    }());","    switch (local.modeJs) {","","","","    // run browser js-env code - function","    case 'browser':","        break;","","","","    // run node js-env code - function","    case 'node':","        break;","    }","","","","    // run shared js-env code - init-after","    (function () {","        return;","    }());","    switch (local.modeJs) {","","","","    // run browser js-env code - init-after","    case 'browser':","        local.testCase_browser_nullCase = local.testCase_browser_nullCase || function (","            options,","            onError","        ) {","        /*","         * this function will test browsers's null-case handling-behavior-behavior","         */","            onError(null, options);","        };","","        // run tests","        local.nop(local.modeTest &&","            document.querySelector('#testRunButton1') &&","            document.querySelector('#testRunButton1').click());","        break;","","","","    // run node js-env code - init-after","    /* istanbul ignore next */","    case 'node':","        local.testCase_buildApidoc_default = local.testCase_buildApidoc_default || function (","            options,","            onError","        ) {","        /*","         * this function will test buildApidoc's default handling-behavior-behavior","         */","            options = { modulePathList: module.paths };","            local.buildApidoc(options, onError);","        };","","        local.testCase_buildApp_default = local.testCase_buildApp_default || function (","            options,","            onError","        ) {","        /*","         * this function will test buildApp's default handling-behavior-behavior","         */","            local.testCase_buildReadme_default(options, local.onErrorThrow);","            local.testCase_buildLib_default(options, local.onErrorThrow);","            local.testCase_buildTest_default(options, local.onErrorThrow);","            local.testCase_buildCustomOrg_default(options, local.onErrorThrow);","            options = [];","            local.buildApp(options, onError);","        };","","        local.testCase_buildCustomOrg_default = local.testCase_buildCustomOrg_default ||","            function (options, onError) {","            /*","             * this function will test buildCustomOrg's default handling-behavior","             */","                options = {};","                local.buildCustomOrg(options, onError);","            };","","        local.testCase_buildLib_default = local.testCase_buildLib_default || function (","            options,","            onError","        ) {","        /*","         * this function will test buildLib's default handling-behavior","         */","            options = {};","            local.buildLib(options, onError);","        };","","        local.testCase_buildReadme_default = local.testCase_buildReadme_default || function (","            options,","            onError","        ) {","        /*","         * this function will test buildReadme's default handling-behavior-behavior","         */","            options = {};","            local.buildReadme(options, onError);","        };","","        local.testCase_buildTest_default = local.testCase_buildTest_default || function (","            options,","            onError","        ) {","        /*","         * this function will test buildTest's default handling-behavior","         */","            options = {};","            local.buildTest(options, onError);","        };","","        local.testCase_webpage_default = local.testCase_webpage_default || function (","            options,","            onError","        ) {","        /*","         * this function will test webpage's default handling-behavior","         */","            options = { modeCoverageMerge: true, url: local.serverLocalHost + '?modeTest=1' };","            local.browserTest(options, onError);","        };","","        // run test-server","        local.testRunServer(local);","        break;","    }","}());",""],"l":{"12":2,"14":2,"19":2,"21":2,"23":2,"24":2,"25":2,"30":1,"37":2,"40":2,"43":1,"47":1,"50":1,"52":1,"55":2,"61":2,"62":2,"64":2,"70":1,"76":1,"82":2,"83":2,"85":2,"91":1,"98":1,"102":1,"105":1,"112":1,"119":1,"120":1,"123":1,"130":1,"131":1,"132":1,"133":1,"134":1,"135":1,"138":1,"143":2,"144":2,"147":1,"154":2,"155":2,"158":1,"165":2,"166":2,"169":1,"176":2,"177":2,"180":1,"187":1,"188":1,"192":1,"193":1}},"/home/travis/build/npmtest/node-npmtest-oclazyload/lib.npmtest_oclazyload.js":{"path":"/home/travis/build/npmtest/node-npmtest-oclazyload/lib.npmtest_oclazyload.js","s":{"1":2,"2":2,"3":2,"4":2,"5":2,"6":2,"7":2,"8":1,"9":2,"10":2,"11":2,"12":2,"13":1,"14":1,"15":1,"16":1},"b":{"1":[2,1,1,1],"2":[1,1,1,1],"3":[1,1],"4":[2,2],"5":[1,1]},"f":{"1":2,"2":2,"3":2},"fnMap":{"1":{"name":"(anonymous_1)","line":12,"loc":{"start":{"line":12,"column":1},"end":{"line":12,"column":13}}},"2":{"name":"(anonymous_2)","line":19,"loc":{"start":{"line":19,"column":5},"end":{"line":19,"column":17}}},"3":{"name":"(anonymous_3)","line":23,"loc":{"start":{"line":23,"column":24},"end":{"line":23,"column":36}}}},"statementMap":{"1":{"start":{"line":12,"column":0},"end":{"line":53,"column":5}},"2":{"start":{"line":14,"column":4},"end":{"line":14,"column":14}},"3":{"start":{"line":19,"column":4},"end":{"line":52,"column":9}},"4":{"start":{"line":21,"column":8},"end":{"line":21,"column":19}},"5":{"start":{"line":23,"column":8},"end":{"line":35,"column":13}},"6":{"start":{"line":24,"column":12},"end":{"line":34,"column":13}},"7":{"start":{"line":25,"column":16},"end":{"line":28,"column":30}},"8":{"start":{"line":30,"column":16},"end":{"line":33,"column":27}},"9":{"start":{"line":37,"column":8},"end":{"line":39,"column":21}},"10":{"start":{"line":41,"column":8},"end":{"line":41,"column":54}},"11":{"start":{"line":43,"column":8},"end":{"line":43,"column":55}},"12":{"start":{"line":45,"column":8},"end":{"line":51,"column":9}},"13":{"start":{"line":46,"column":12},"end":{"line":46,"column":61}},"14":{"start":{"line":48,"column":12},"end":{"line":48,"column":35}},"15":{"start":{"line":49,"column":12},"end":{"line":49,"column":49}},"16":{"start":{"line":50,"column":12},"end":{"line":50,"column":43}}},"branchMap":{"1":{"line":25,"type":"binary-expr","locations":[{"start":{"line":25,"column":23},"end":{"line":25,"column":62}},{"start":{"line":26,"column":20},"end":{"line":26,"column":70}},{"start":{"line":27,"column":20},"end":{"line":27,"column":71}},{"start":{"line":28,"column":20},"end":{"line":28,"column":29}}]},"2":{"line":30,"type":"binary-expr","locations":[{"start":{"line":30,"column":23},"end":{"line":30,"column":37}},{"start":{"line":31,"column":20},"end":{"line":31,"column":61}},{"start":{"line":32,"column":20},"end":{"line":32,"column":70}},{"start":{"line":33,"column":20},"end":{"line":33,"column":26}}]},"3":{"line":37,"type":"cond-expr","locations":[{"start":{"line":38,"column":14},"end":{"line":38,"column":20}},{"start":{"line":39,"column":14},"end":{"line":39,"column":20}}]},"4":{"line":41,"type":"binary-expr","locations":[{"start":{"line":41,"column":16},"end":{"line":41,"column":44}},{"start":{"line":41,"column":48},"end":{"line":41,"column":53}}]},"5":{"line":45,"type":"if","locations":[{"start":{"line":45,"column":8},"end":{"line":45,"column":8}},{"start":{"line":45,"column":8},"end":{"line":45,"column":8}}]}},"code":["/* istanbul instrument in package npmtest_oclazyload */","/*jslint","    bitwise: true,","    browser: true,","    maxerr: 8,","    maxlen: 96,","    node: true,","    nomen: true,","    regexp: true,","    stupid: true","*/","(function () {","    'use strict';","    var local;","","","","    // run shared js-env code - init-before","    (function () {","        // init local","        local = {};","        // init modeJs","        local.modeJs = (function () {","            try {","                return typeof navigator.userAgent === 'string' &&","                    typeof document.querySelector('body') === 'object' &&","                    typeof XMLHttpRequest.prototype.open === 'function' &&","                    'browser';","            } catch (errorCaughtBrowser) {","                return module.exports &&","                    typeof process.versions.node === 'string' &&","                    typeof require('http').createServer === 'function' &&","                    'node';","            }","        }());","        // init global","        local.global = local.modeJs === 'browser'","            ? window","            : global;","        // init utility2_rollup","        local = local.global.utility2_rollup || local;","        // init lib","        local.local = local.npmtest_oclazyload = local;","        // init exports","        if (local.modeJs === 'browser') {","            local.global.utility2_npmtest_oclazyload = local;","        } else {","            module.exports = local;","            module.exports.__dirname = __dirname;","            module.exports.module = module;","        }","    }());","}());",""],"l":{"12":2,"14":2,"19":2,"21":2,"23":2,"24":2,"25":2,"30":1,"37":2,"41":2,"43":2,"45":2,"46":1,"48":1,"49":1,"50":1}},"/home/travis/build/npmtest/node-npmtest-oclazyload/example.js":{"path":"/home/travis/build/npmtest/node-npmtest-oclazyload/example.js","s":{"1":2,"2":2,"3":2,"4":2,"5":2,"6":2,"7":2,"8":1,"9":2,"10":2,"11":2,"12":2,"13":1,"14":2,"15":2,"16":2,"17":2,"18":2,"19":0,"20":2,"21":1,"22":1,"23":1,"24":1,"25":1,"26":0,"27":0,"28":1,"29":1,"30":2,"31":0,"32":0,"33":0,"34":1,"35":2,"36":2,"37":3,"38":3,"39":3,"40":3,"41":0,"42":3,"43":3,"44":3,"45":1,"46":3,"47":1,"48":1,"49":1,"50":1,"51":1,"52":1,"53":1,"54":1,"55":1,"56":1,"57":0,"58":1,"59":6,"60":6,"61":1,"62":2,"63":0,"64":2,"65":1,"66":1,"67":0,"68":0,"69":0,"70":0,"71":0,"72":0,"73":0,"74":0,"75":0,"76":0,"77":0,"78":0,"79":0,"80":0,"81":0,"82":0,"83":0},"b":{"1":[2,1,1,1],"2":[1,1,1,1],"3":[1,1],"4":[2,2],"5":[1,1],"6":[1,1],"7":[2,0],"8":[2,1,1,1,1,1],"9":[0,2,0],"10":[1,1],"11":[2,1,1],"12":[1,0],"13":[0,2],"14":[2,0,0,0,0,0,0],"15":[0,3],"16":[3,0],"17":[1,1],"18":[0,1],"19":[1,2,0,2],"20":[1,0],"21":[1,1],"22":[0,0],"23":[0,0],"24":[0,0],"25":[0,0],"26":[0,0],"27":[0,0],"28":[0,0]},"f":{"1":2,"2":2,"3":2,"4":2,"5":2,"6":2,"7":3,"8":3,"9":3,"10":1,"11":6,"12":0},"fnMap":{"1":{"name":"(anonymous_1)","line":26,"loc":{"start":{"line":26,"column":1},"end":{"line":26,"column":13}}},"2":{"name":"(anonymous_2)","line":33,"loc":{"start":{"line":33,"column":5},"end":{"line":33,"column":17}}},"3":{"name":"(anonymous_3)","line":37,"loc":{"start":{"line":37,"column":24},"end":{"line":37,"column":36}}},"4":{"name":"(anonymous_4)","line":69,"loc":{"start":{"line":69,"column":31},"end":{"line":69,"column":48}},"skip":true},"5":{"name":"(anonymous_5)","line":78,"loc":{"start":{"line":78,"column":26},"end":{"line":78,"column":45}},"skip":true},"6":{"name":"(anonymous_6)","line":123,"loc":{"start":{"line":123,"column":33},"end":{"line":123,"column":48}},"skip":true},"7":{"name":"(anonymous_7)","line":125,"loc":{"start":{"line":125,"column":27},"end":{"line":125,"column":39}},"skip":true},"8":{"name":"(anonymous_8)","line":133,"loc":{"start":{"line":133,"column":59},"end":{"line":133,"column":74}},"skip":true},"9":{"name":"(anonymous_9)","line":143,"loc":{"start":{"line":143,"column":45},"end":{"line":143,"column":62}},"skip":true},"10":{"name":"(anonymous_10)","line":144,"loc":{"start":{"line":144,"column":73},"end":{"line":144,"column":92}},"skip":true},"11":{"name":"(anonymous_11)","line":272,"loc":{"start":{"line":272,"column":51},"end":{"line":272,"column":77}},"skip":true},"12":{"name":"(anonymous_12)","line":315,"loc":{"start":{"line":315,"column":32},"end":{"line":315,"column":61}},"skip":true}},"statementMap":{"1":{"start":{"line":26,"column":0},"end":{"line":326,"column":5}},"2":{"start":{"line":28,"column":4},"end":{"line":28,"column":14}},"3":{"start":{"line":33,"column":4},"end":{"line":60,"column":9}},"4":{"start":{"line":35,"column":8},"end":{"line":35,"column":19}},"5":{"start":{"line":37,"column":8},"end":{"line":49,"column":13}},"6":{"start":{"line":38,"column":12},"end":{"line":48,"column":13}},"7":{"start":{"line":39,"column":16},"end":{"line":42,"column":30}},"8":{"start":{"line":44,"column":16},"end":{"line":47,"column":27}},"9":{"start":{"line":51,"column":8},"end":{"line":53,"column":21}},"10":{"start":{"line":55,"column":8},"end":{"line":57,"column":45}},"11":{"start":{"line":59,"column":8},"end":{"line":59,"column":35}},"12":{"start":{"line":61,"column":4},"end":{"line":325,"column":5}},"13":{"start":{"line":69,"column":8},"end":{"line":121,"column":10},"skip":true},"14":{"start":{"line":70,"column":12},"end":{"line":88,"column":13},"skip":true},"15":{"start":{"line":76,"column":16},"end":{"line":87,"column":19},"skip":true},"16":{"start":{"line":79,"column":20},"end":{"line":86,"column":21},"skip":true},"17":{"start":{"line":82,"column":24},"end":{"line":82,"column":43},"skip":true},"18":{"start":{"line":83,"column":24},"end":{"line":83,"column":30},"skip":true},"19":{"start":{"line":85,"column":24},"end":{"line":85,"column":49},"skip":true},"20":{"start":{"line":89,"column":12},"end":{"line":107,"column":13},"skip":true},"21":{"start":{"line":92,"column":16},"end":{"line":102,"column":17},"skip":true},"22":{"start":{"line":93,"column":20},"end":{"line":93,"column":86},"skip":true},"23":{"start":{"line":94,"column":20},"end":{"line":95,"column":45},"skip":true},"24":{"start":{"line":96,"column":20},"end":{"line":96,"column":42},"skip":true},"25":{"start":{"line":97,"column":20},"end":{"line":97,"column":48},"skip":true},"26":{"start":{"line":100,"column":20},"end":{"line":100,"column":85},"skip":true},"27":{"start":{"line":101,"column":20},"end":{"line":101,"column":96},"skip":true},"28":{"start":{"line":103,"column":16},"end":{"line":103,"column":22},"skip":true},"29":{"start":{"line":106,"column":16},"end":{"line":106,"column":22},"skip":true},"30":{"start":{"line":108,"column":12},"end":{"line":120,"column":13},"skip":true},"31":{"start":{"line":114,"column":16},"end":{"line":119,"column":17},"skip":true},"32":{"start":{"line":116,"column":20},"end":{"line":116,"column":78},"skip":true},"33":{"start":{"line":118,"column":20},"end":{"line":118,"column":47},"skip":true},"34":{"start":{"line":123,"column":8},"end":{"line":141,"column":11},"skip":true},"35":{"start":{"line":124,"column":12},"end":{"line":124,"column":54},"skip":true},"36":{"start":{"line":125,"column":12},"end":{"line":140,"column":14},"skip":true},"37":{"start":{"line":126,"column":16},"end":{"line":126,"column":28},"skip":true},"38":{"start":{"line":127,"column":16},"end":{"line":127,"column":69},"skip":true},"39":{"start":{"line":128,"column":16},"end":{"line":128,"column":75},"skip":true},"40":{"start":{"line":129,"column":16},"end":{"line":131,"column":17},"skip":true},"41":{"start":{"line":130,"column":20},"end":{"line":130,"column":27},"skip":true},"42":{"start":{"line":133,"column":16},"end":{"line":137,"column":36},"skip":true},"43":{"start":{"line":134,"column":20},"end":{"line":136,"column":55},"skip":true},"44":{"start":{"line":139,"column":16},"end":{"line":139,"column":57},"skip":true},"45":{"start":{"line":143,"column":8},"end":{"line":147,"column":11},"skip":true},"46":{"start":{"line":144,"column":12},"end":{"line":146,"column":15},"skip":true},"47":{"start":{"line":145,"column":16},"end":{"line":145,"column":70},"skip":true},"48":{"start":{"line":149,"column":8},"end":{"line":149,"column":31},"skip":true},"49":{"start":{"line":150,"column":8},"end":{"line":150,"column":14},"skip":true},"50":{"start":{"line":158,"column":8},"end":{"line":158,"column":31},"skip":true},"51":{"start":{"line":160,"column":8},"end":{"line":160,"column":33},"skip":true},"52":{"start":{"line":161,"column":8},"end":{"line":161,"column":37},"skip":true},"53":{"start":{"line":162,"column":8},"end":{"line":162,"column":35},"skip":true},"54":{"start":{"line":164,"column":8},"end":{"line":164,"column":50},"skip":true},"55":{"start":{"line":166,"column":8},"end":{"line":256,"column":2},"skip":true},"56":{"start":{"line":258,"column":8},"end":{"line":286,"column":9},"skip":true},"57":{"start":{"line":259,"column":12},"end":{"line":269,"column":14},"skip":true},"58":{"start":{"line":271,"column":12},"end":{"line":285,"column":19},"skip":true},"59":{"start":{"line":274,"column":20},"end":{"line":274,"column":35},"skip":true},"60":{"start":{"line":275,"column":20},"end":{"line":284,"column":21},"skip":true},"61":{"start":{"line":277,"column":24},"end":{"line":277,"column":64},"skip":true},"62":{"start":{"line":279,"column":24},"end":{"line":279,"column":40},"skip":true},"63":{"start":{"line":281,"column":24},"end":{"line":281,"column":40},"skip":true},"64":{"start":{"line":283,"column":24},"end":{"line":283,"column":39},"skip":true},"65":{"start":{"line":288,"column":8},"end":{"line":290,"column":9},"skip":true},"66":{"start":{"line":289,"column":12},"end":{"line":289,"column":18},"skip":true},"67":{"start":{"line":291,"column":8},"end":{"line":293,"column":54},"skip":true},"68":{"start":{"line":296,"column":8},"end":{"line":301,"column":37},"skip":true},"69":{"start":{"line":303,"column":8},"end":{"line":303,"column":82},"skip":true},"70":{"start":{"line":306,"column":8},"end":{"line":308,"column":9},"skip":true},"71":{"start":{"line":307,"column":12},"end":{"line":307,"column":82},"skip":true},"72":{"start":{"line":310,"column":8},"end":{"line":312,"column":9},"skip":true},"73":{"start":{"line":311,"column":12},"end":{"line":311,"column":18},"skip":true},"74":{"start":{"line":313,"column":8},"end":{"line":313,"column":54},"skip":true},"75":{"start":{"line":314,"column":8},"end":{"line":314,"column":69},"skip":true},"76":{"start":{"line":315,"column":8},"end":{"line":323,"column":36},"skip":true},"77":{"start":{"line":316,"column":12},"end":{"line":316,"column":61},"skip":true},"78":{"start":{"line":317,"column":12},"end":{"line":320,"column":13},"skip":true},"79":{"start":{"line":318,"column":16},"end":{"line":318,"column":75},"skip":true},"80":{"start":{"line":319,"column":16},"end":{"line":319,"column":23},"skip":true},"81":{"start":{"line":321,"column":12},"end":{"line":321,"column":38},"skip":true},"82":{"start":{"line":322,"column":12},"end":{"line":322,"column":27},"skip":true},"83":{"start":{"line":324,"column":8},"end":{"line":324,"column":14},"skip":true}},"branchMap":{"1":{"line":39,"type":"binary-expr","locations":[{"start":{"line":39,"column":23},"end":{"line":39,"column":62}},{"start":{"line":40,"column":20},"end":{"line":40,"column":70}},{"start":{"line":41,"column":20},"end":{"line":41,"column":71}},{"start":{"line":42,"column":20},"end":{"line":42,"column":29}}]},"2":{"line":44,"type":"binary-expr","locations":[{"start":{"line":44,"column":23},"end":{"line":44,"column":37}},{"start":{"line":45,"column":20},"end":{"line":45,"column":61}},{"start":{"line":46,"column":20},"end":{"line":46,"column":70}},{"start":{"line":47,"column":20},"end":{"line":47,"column":26}}]},"3":{"line":51,"type":"cond-expr","locations":[{"start":{"line":52,"column":14},"end":{"line":52,"column":20}},{"start":{"line":53,"column":14},"end":{"line":53,"column":20}}]},"4":{"line":55,"type":"binary-expr","locations":[{"start":{"line":55,"column":16},"end":{"line":55,"column":44}},{"start":{"line":55,"column":49},"end":{"line":57,"column":43}}]},"5":{"line":55,"type":"cond-expr","locations":[{"start":{"line":56,"column":14},"end":{"line":56,"column":54}},{"start":{"line":57,"column":14},"end":{"line":57,"column":43}}]},"6":{"line":61,"type":"switch","locations":[{"start":{"line":68,"column":4},"end":{"line":150,"column":14},"skip":true},{"start":{"line":156,"column":4},"end":{"line":324,"column":14},"skip":true}]},"7":{"line":70,"type":"if","locations":[{"start":{"line":70,"column":12},"end":{"line":70,"column":12},"skip":true},{"start":{"line":70,"column":12},"end":{"line":70,"column":12},"skip":true}]},"8":{"line":70,"type":"binary-expr","locations":[{"start":{"line":70,"column":16},"end":{"line":70,"column":22},"skip":true},{"start":{"line":70,"column":27},"end":{"line":70,"column":32},"skip":true},{"start":{"line":71,"column":20},"end":{"line":71,"column":39},"skip":true},{"start":{"line":72,"column":20},"end":{"line":72,"column":49},"skip":true},{"start":{"line":73,"column":20},"end":{"line":73,"column":58},"skip":true},{"start":{"line":74,"column":20},"end":{"line":74,"column":69},"skip":true}]},"9":{"line":79,"type":"switch","locations":[{"start":{"line":80,"column":20},"end":{"line":80,"column":33},"skip":true},{"start":{"line":81,"column":20},"end":{"line":83,"column":30},"skip":true},{"start":{"line":84,"column":20},"end":{"line":85,"column":49},"skip":true}]},"10":{"line":89,"type":"switch","locations":[{"start":{"line":90,"column":12},"end":{"line":103,"column":22},"skip":true},{"start":{"line":105,"column":12},"end":{"line":106,"column":22},"skip":true}]},"11":{"line":89,"type":"binary-expr","locations":[{"start":{"line":89,"column":20},"end":{"line":89,"column":25},"skip":true},{"start":{"line":89,"column":29},"end":{"line":89,"column":48},"skip":true},{"start":{"line":89,"column":52},"end":{"line":89,"column":74},"skip":true}]},"12":{"line":92,"type":"if","locations":[{"start":{"line":92,"column":16},"end":{"line":92,"column":16},"skip":true},{"start":{"line":92,"column":16},"end":{"line":92,"column":16},"skip":true}]},"13":{"line":108,"type":"if","locations":[{"start":{"line":108,"column":12},"end":{"line":108,"column":12},"skip":true},{"start":{"line":108,"column":12},"end":{"line":108,"column":12},"skip":true}]},"14":{"line":108,"type":"binary-expr","locations":[{"start":{"line":108,"column":16},"end":{"line":108,"column":61},"skip":true},{"start":{"line":108,"column":66},"end":{"line":108,"column":72},"skip":true},{"start":{"line":108,"column":77},"end":{"line":108,"column":82},"skip":true},{"start":{"line":109,"column":20},"end":{"line":109,"column":39},"skip":true},{"start":{"line":110,"column":20},"end":{"line":110,"column":49},"skip":true},{"start":{"line":111,"column":20},"end":{"line":111,"column":58},"skip":true},{"start":{"line":112,"column":20},"end":{"line":112,"column":68},"skip":true}]},"15":{"line":129,"type":"if","locations":[{"start":{"line":129,"column":16},"end":{"line":129,"column":16},"skip":true},{"start":{"line":129,"column":16},"end":{"line":129,"column":16},"skip":true}]},"16":{"line":134,"type":"cond-expr","locations":[{"start":{"line":135,"column":26},"end":{"line":135,"column":29},"skip":true},{"start":{"line":136,"column":26},"end":{"line":136,"column":54},"skip":true}]},"17":{"line":164,"type":"binary-expr","locations":[{"start":{"line":164,"column":27},"end":{"line":164,"column":43},"skip":true},{"start":{"line":164,"column":47},"end":{"line":164,"column":49},"skip":true}]},"18":{"line":258,"type":"if","locations":[{"start":{"line":258,"column":8},"end":{"line":258,"column":8},"skip":true},{"start":{"line":258,"column":8},"end":{"line":258,"column":8},"skip":true}]},"19":{"line":275,"type":"switch","locations":[{"start":{"line":276,"column":20},"end":{"line":277,"column":64},"skip":true},{"start":{"line":278,"column":20},"end":{"line":279,"column":40},"skip":true},{"start":{"line":280,"column":20},"end":{"line":281,"column":40},"skip":true},{"start":{"line":282,"column":20},"end":{"line":283,"column":39},"skip":true}]},"20":{"line":288,"type":"if","locations":[{"start":{"line":288,"column":8},"end":{"line":288,"column":8},"skip":true},{"start":{"line":288,"column":8},"end":{"line":288,"column":8},"skip":true}]},"21":{"line":288,"type":"binary-expr","locations":[{"start":{"line":288,"column":12},"end":{"line":288,"column":40},"skip":true},{"start":{"line":288,"column":44},"end":{"line":288,"column":67},"skip":true}]},"22":{"line":292,"type":"binary-expr","locations":[{"start":{"line":292,"column":12},"end":{"line":292,"column":50},"skip":true},{"start":{"line":293,"column":12},"end":{"line":293,"column":53},"skip":true}]},"23":{"line":297,"type":"binary-expr","locations":[{"start":{"line":297,"column":12},"end":{"line":297,"column":68},"skip":true},{"start":{"line":298,"column":12},"end":{"line":301,"column":36},"skip":true}]},"24":{"line":303,"type":"binary-expr","locations":[{"start":{"line":303,"column":43},"end":{"line":303,"column":75},"skip":true},{"start":{"line":303,"column":79},"end":{"line":303,"column":81},"skip":true}]},"25":{"line":306,"type":"if","locations":[{"start":{"line":306,"column":8},"end":{"line":306,"column":8},"skip":true},{"start":{"line":306,"column":8},"end":{"line":306,"column":8},"skip":true}]},"26":{"line":310,"type":"if","locations":[{"start":{"line":310,"column":8},"end":{"line":310,"column":8},"skip":true},{"start":{"line":310,"column":8},"end":{"line":310,"column":8},"skip":true}]},"27":{"line":313,"type":"binary-expr","locations":[{"start":{"line":313,"column":27},"end":{"line":313,"column":43},"skip":true},{"start":{"line":313,"column":47},"end":{"line":313,"column":53},"skip":true}]},"28":{"line":317,"type":"if","locations":[{"start":{"line":317,"column":12},"end":{"line":317,"column":12},"skip":true},{"start":{"line":317,"column":12},"end":{"line":317,"column":12},"skip":true}]}},"code":["/*","example.js","","quickstart example","","instruction","    1. save this script as example.js","    2. run the shell command:","        $ npm install npmtest-oclazyload && PORT=8081 node example.js","    3. play with the browser-demo on http://127.0.0.1:8081","*/","","","","/* istanbul instrument in package npmtest_oclazyload */","/*jslint","    bitwise: true,","    browser: true,","    maxerr: 8,","    maxlen: 96,","    node: true,","    nomen: true,","    regexp: true,","    stupid: true","*/","(function () {","    'use strict';","    var local;","","","","    // run shared js-env code - init-before","    (function () {","        // init local","        local = {};","        // init modeJs","        local.modeJs = (function () {","            try {","                return typeof navigator.userAgent === 'string' &&","                    typeof document.querySelector('body') === 'object' &&","                    typeof XMLHttpRequest.prototype.open === 'function' &&","                    'browser';","            } catch (errorCaughtBrowser) {","                return module.exports &&","                    typeof process.versions.node === 'string' &&","                    typeof require('http').createServer === 'function' &&","                    'node';","            }","        }());","        // init global","        local.global = local.modeJs === 'browser'","            ? window","            : global;","        // init utility2_rollup","        local = local.global.utility2_rollup || (local.modeJs === 'browser'","            ? local.global.utility2_npmtest_oclazyload","            : global.utility2_moduleExports);","        // export local","        local.global.local = local;","    }());","    switch (local.modeJs) {","","","","    // init-after","    // run browser js-env code - init-after","    /* istanbul ignore next */","    case 'browser':","        local.testRunBrowser = function (event) {","            if (!event || (event &&","                    event.currentTarget &&","                    event.currentTarget.className &&","                    event.currentTarget.className.includes &&","                    event.currentTarget.className.includes('onreset'))) {","                // reset output","                Array.from(","                    document.querySelectorAll('body > .resettable')","                ).forEach(function (element) {","                    switch (element.tagName) {","                    case 'INPUT':","                    case 'TEXTAREA':","                        element.value = '';","                        break;","                    default:","                        element.textContent = '';","                    }","                });","            }","            switch (event && event.currentTarget && event.currentTarget.id) {","            case 'testRunButton1':","                // show tests","                if (document.querySelector('#testReportDiv1').style.display === 'none') {","                    document.querySelector('#testReportDiv1').style.display = 'block';","                    document.querySelector('#testRunButton1').textContent =","                        'hide internal test';","                    local.modeTest = true;","                    local.testRunDefault(local);","                // hide tests","                } else {","                    document.querySelector('#testReportDiv1').style.display = 'none';","                    document.querySelector('#testRunButton1').textContent = 'run internal test';","                }","                break;","            // custom-case","            default:","                break;","            }","            if (document.querySelector('#inputTextareaEval1') && (!event || (event &&","                    event.currentTarget &&","                    event.currentTarget.className &&","                    event.currentTarget.className.includes &&","                    event.currentTarget.className.includes('oneval')))) {","                // try to eval input-code","                try {","                    /*jslint evil: true*/","                    eval(document.querySelector('#inputTextareaEval1').value);","                } catch (errorCaught) {","                    console.error(errorCaught);","                }","            }","        };","        // log stderr and stdout to #outputTextareaStdout1","        ['error', 'log'].forEach(function (key) {","            console[key + '_original'] = console[key];","            console[key] = function () {","                var element;","                console[key + '_original'].apply(console, arguments);","                element = document.querySelector('#outputTextareaStdout1');","                if (!element) {","                    return;","                }","                // append text to #outputTextareaStdout1","                element.value += Array.from(arguments).map(function (arg) {","                    return typeof arg === 'string'","                        ? arg","                        : JSON.stringify(arg, null, 4);","                }).join(' ') + '\\n';","                // scroll textarea to bottom","                element.scrollTop = element.scrollHeight;","            };","        });","        // init event-handling","        ['change', 'click', 'keyup'].forEach(function (event) {","            Array.from(document.querySelectorAll('.on' + event)).forEach(function (element) {","                element.addEventListener(event, local.testRunBrowser);","            });","        });","        // run tests","        local.testRunBrowser();","        break;","","","","    // run node js-env code - init-after","    /* istanbul ignore next */","    case 'node':","        // export local","        module.exports = local;","        // require modules","        local.fs = require('fs');","        local.http = require('http');","        local.url = require('url');","        // init assets","        local.assetsDict = local.assetsDict || {};","        /* jslint-ignore-begin */","        local.assetsDict['/assets.index.template.html'] = '\\","<!doctype html>\\n\\","<html lang=\"en\">\\n\\","<head>\\n\\","<meta charset=\"UTF-8\">\\n\\","<meta name=\"viewport\" content=\"width=device-width, initial-scale=1\">\\n\\","<title>{{env.npm_package_name}} (v{{env.npm_package_version}})</title>\\n\\","<style>\\n\\","/*csslint\\n\\","    box-sizing: false,\\n\\","    universal-selector: false\\n\\","*/\\n\\","* {\\n\\","    box-sizing: border-box;\\n\\","}\\n\\","body {\\n\\","    background: #dde;\\n\\","    font-family: Arial, Helvetica, sans-serif;\\n\\","    margin: 2rem;\\n\\","}\\n\\","body > * {\\n\\","    margin-bottom: 1rem;\\n\\","}\\n\\",".utility2FooterDiv {\\n\\","    margin-top: 20px;\\n\\","    text-align: center;\\n\\","}\\n\\","</style>\\n\\","<style>\\n\\","/*csslint\\n\\","*/\\n\\","textarea {\\n\\","    font-family: monospace;\\n\\","    height: 10rem;\\n\\","    width: 100%;\\n\\","}\\n\\","textarea[readonly] {\\n\\","    background: #ddd;\\n\\","}\\n\\","</style>\\n\\","</head>\\n\\","<body>\\n\\","<!-- utility2-comment\\n\\","<div id=\"ajaxProgressDiv1\" style=\"background: #d00; height: 2px; left: 0; margin: 0; padding: 0; position: fixed; top: 0; transition: background 0.5s, width 1.5s; width: 25%;\"></div>\\n\\","utility2-comment -->\\n\\","<h1>\\n\\","<!-- utility2-comment\\n\\","    <a\\n\\","        {{#if env.npm_package_homepage}}\\n\\","        href=\"{{env.npm_package_homepage}}\"\\n\\","        {{/if env.npm_package_homepage}}\\n\\","        target=\"_blank\"\\n\\","    >\\n\\","utility2-comment -->\\n\\","        {{env.npm_package_name}} (v{{env.npm_package_version}})\\n\\","<!-- utility2-comment\\n\\","    </a>\\n\\","utility2-comment -->\\n\\","</h1>\\n\\","<h3>{{env.npm_package_description}}</h3>\\n\\","<!-- utility2-comment\\n\\","<h4><a download href=\"assets.app.js\">download standalone app</a></h4>\\n\\","<button class=\"onclick onreset\" id=\"testRunButton1\">run internal test</button><br>\\n\\","<div id=\"testReportDiv1\" style=\"display: none;\"></div>\\n\\","utility2-comment -->\\n\\","\\n\\","\\n\\","\\n\\","<label>stderr and stdout</label>\\n\\","<textarea class=\"resettable\" id=\"outputTextareaStdout1\" readonly></textarea>\\n\\","<!-- utility2-comment\\n\\","{{#if isRollup}}\\n\\","<script src=\"assets.app.js\"></script>\\n\\","{{#unless isRollup}}\\n\\","utility2-comment -->\\n\\","<script src=\"assets.utility2.rollup.js\"></script>\\n\\","<script src=\"jsonp.utility2._stateInit?callback=window.utility2._stateInit\"></script>\\n\\","<script src=\"assets.npmtest_oclazyload.rollup.js\"></script>\\n\\","<script src=\"assets.example.js\"></script>\\n\\","<script src=\"assets.test.js\"></script>\\n\\","<!-- utility2-comment\\n\\","{{/if isRollup}}\\n\\","utility2-comment -->\\n\\","<div class=\"utility2FooterDiv\">\\n\\","    [ this app was created with\\n\\","    <a href=\"https://github.com/kaizhu256/node-utility2\" target=\"_blank\">utility2</a>\\n\\","    ]\\n\\","</div>\\n\\","</body>\\n\\","</html>\\n\\","';","        /* jslint-ignore-end */","        if (local.templateRender) {","            local.assetsDict['/'] = local.templateRender(","                local.assetsDict['/assets.index.template.html'],","                {","                    env: local.objectSetDefault(local.env, {","                        npm_package_description: 'the greatest app in the world!',","                        npm_package_name: 'my-app',","                        npm_package_nameAlias: 'my_app',","                        npm_package_version: '0.0.1'","                    })","                }","            );","        } else {","            local.assetsDict['/'] = local.assetsDict['/assets.index.template.html']","                .replace((/\\{\\{env\\.(\\w+?)\\}\\}/g), function (match0, match1) {","                    // jslint-hack","                    String(match0);","                    switch (match1) {","                    case 'npm_package_description':","                        return 'the greatest app in the world!';","                    case 'npm_package_name':","                        return 'my-app';","                    case 'npm_package_nameAlias':","                        return 'my_app';","                    case 'npm_package_version':","                        return '0.0.1';","                    }","                });","        }","        // run the cli","        if (local.global.utility2_rollup || module !== require.main) {","            break;","        }","        local.assetsDict['/assets.example.js'] =","            local.assetsDict['/assets.example.js'] ||","            local.fs.readFileSync(__filename, 'utf8');","        // bug-workaround - long $npm_package_buildCustomOrg","        /* jslint-ignore-begin */","        local.assetsDict['/assets.npmtest_oclazyload.rollup.js'] =","            local.assetsDict['/assets.npmtest_oclazyload.rollup.js'] ||","            local.fs.readFileSync(","                local.npmtest_oclazyload.__dirname + '/lib.npmtest_oclazyload.js',","                'utf8'","            ).replace((/^#!/), '//');","        /* jslint-ignore-end */","        local.assetsDict['/favicon.ico'] = local.assetsDict['/favicon.ico'] || '';","        // if $npm_config_timeout_exit exists,","        // then exit this process after $npm_config_timeout_exit ms","        if (Number(process.env.npm_config_timeout_exit)) {","            setTimeout(process.exit, Number(process.env.npm_config_timeout_exit));","        }","        // start server","        if (local.global.utility2_serverHttp1) {","            break;","        }","        process.env.PORT = process.env.PORT || '8081';","        console.error('server starting on port ' + process.env.PORT);","        local.http.createServer(function (request, response) {","            request.urlParsed = local.url.parse(request.url);","            if (local.assetsDict[request.urlParsed.pathname] !== undefined) {","                response.end(local.assetsDict[request.urlParsed.pathname]);","                return;","            }","            response.statusCode = 404;","            response.end();","        }).listen(process.env.PORT);","        break;","    }","}());",""],"l":{"26":2,"28":2,"33":2,"35":2,"37":2,"38":2,"39":2,"44":1,"51":2,"55":2,"59":2,"61":2,"69":1,"70":2,"76":2,"79":2,"82":2,"83":2,"85":1,"89":2,"92":1,"93":1,"94":1,"96":1,"97":1,"100":1,"101":1,"103":1,"106":1,"108":2,"114":1,"116":1,"118":1,"123":1,"124":2,"125":2,"126":3,"127":3,"128":3,"129":3,"130":1,"133":3,"134":3,"139":3,"143":1,"144":3,"145":1,"149":1,"150":1,"158":1,"160":1,"161":1,"162":1,"164":1,"166":1,"258":1,"259":1,"271":1,"274":6,"275":6,"277":1,"279":2,"281":1,"283":2,"288":1,"289":1,"291":1,"296":1,"303":1,"306":1,"307":1,"310":1,"311":1,"313":1,"314":1,"315":1,"316":1,"317":1,"318":1,"319":1,"321":1,"322":1,"324":1}},"/home/travis/build/npmtest/node-npmtest-oclazyload/node_modules/oclazyload/dist/ocLazyLoad.js":{"path":"/home/travis/build/npmtest/node-npmtest-oclazyload/node_modules/oclazyload/dist/ocLazyLoad.js","s":{"1":2,"2":0,"3":0,"4":0,"5":0,"6":0,"7":0,"8":0,"9":0,"10":0,"11":0,"12":0,"13":0,"14":0,"15":0,"16":0,"17":0,"18":0,"19":0,"20":0,"21":0,"22":0,"23":0,"24":0,"25":0,"26":0,"27":0,"28":0,"29":0,"30":0,"31":0,"32":0,"33":0,"34":0,"35":0,"36":0,"37":0,"38":0,"39":0,"40":0,"41":0,"42":0,"43":0,"44":0,"45":0,"46":0,"47":0,"48":0,"49":0,"50":0,"51":0,"52":0,"53":0,"54":0,"55":0,"56":0,"57":0,"58":0,"59":0,"60":0,"61":0,"62":0,"63":0,"64":0,"65":0,"66":0,"67":0,"68":0,"69":0,"70":0,"71":0,"72":1,"73":0,"74":0,"75":0,"76":0,"77":0,"78":0,"79":0,"80":0,"81":0,"82":0,"83":0,"84":0,"85":0,"86":0,"87":0,"88":0,"89":0,"90":0,"91":0,"92":0,"93":0,"94":0,"95":0,"96":0,"97":0,"98":0,"99":0,"100":1,"101":0,"102":0,"103":0,"104":0,"105":0,"106":0,"107":0,"108":0,"109":0,"110":0,"111":0,"112":0,"113":1,"114":0,"115":0,"116":0,"117":0,"118":0,"119":0,"120":1,"121":0,"122":0,"123":0,"124":0,"125":0,"126":0,"127":0,"128":0,"129":0,"130":0,"131":0,"132":0,"133":0,"134":0,"135":0,"136":0,"137":1,"138":0,"139":0,"140":0,"141":0,"142":0,"143":0,"144":0,"145":0,"146":0,"147":0,"148":0,"149":0,"150":0,"151":0,"152":0,"153":0,"154":0,"155":0,"156":0,"157":0,"158":0,"159":0,"160":0,"161":0,"162":0,"163":0,"164":0,"165":1,"166":0,"167":0,"168":0,"169":0,"170":0,"171":0,"172":1,"173":0,"174":0,"175":0,"176":0,"177":0,"178":0,"179":0,"180":0,"181":0,"182":0,"183":0,"184":0,"185":0,"186":0,"187":0,"188":0,"189":0,"190":0,"191":0,"192":0,"193":1,"194":0,"195":0,"196":0,"197":0,"198":0,"199":0,"200":0,"201":0,"202":0,"203":0,"204":0,"205":0,"206":0,"207":0,"208":0,"209":0,"210":0,"211":0,"212":0,"213":0,"214":0,"215":0,"216":0,"217":0,"218":0,"219":0,"220":0,"221":0,"222":0,"223":0,"224":0,"225":0,"226":0,"227":0,"228":0,"229":0,"230":0,"231":0,"232":0,"233":0,"234":0,"235":0,"236":0,"237":0,"238":0,"239":0,"240":0,"241":0,"242":0,"243":0,"244":0,"245":0,"246":0,"247":0,"248":0,"249":0,"250":0,"251":0,"252":0,"253":0,"254":0,"255":0,"256":0,"257":0,"258":0,"259":0,"260":0,"261":0,"262":0,"263":0,"264":0,"265":0,"266":0,"267":0,"268":0,"269":0,"270":0,"271":0,"272":0,"273":0,"274":0,"275":0,"276":0,"277":0,"278":0,"279":0,"280":0,"281":0,"282":0,"283":0,"284":0,"285":0,"286":0,"287":0,"288":0,"289":0,"290":0,"291":0,"292":0,"293":0,"294":0,"295":0,"296":0,"297":0,"298":0,"299":0,"300":0,"301":0,"302":0,"303":0,"304":0,"305":0,"306":0,"307":0,"308":0,"309":0,"310":0,"311":0,"312":0,"313":0,"314":0,"315":0,"316":0,"317":0,"318":0,"319":0,"320":0,"321":0,"322":0,"323":0,"324":0,"325":0,"326":0,"327":0,"328":0,"329":0,"330":0,"331":0,"332":0,"333":0,"334":0,"335":0,"336":0,"337":0,"338":0,"339":0,"340":0,"341":0,"342":0,"343":0,"344":0,"345":0,"346":0,"347":0,"348":0,"349":0,"350":0,"351":0,"352":0,"353":0,"354":0,"355":0,"356":0,"357":0,"358":0,"359":0,"360":0,"361":0,"362":0,"363":0,"364":0,"365":0,"366":0,"367":0,"368":0,"369":0,"370":0,"371":0,"372":0,"373":0,"374":0,"375":0,"376":0,"377":0,"378":0,"379":0,"380":0,"381":0,"382":0,"383":0,"384":0,"385":0,"386":0,"387":0,"388":0,"389":0,"390":0,"391":0,"392":0,"393":0,"394":0,"395":0,"396":0,"397":0,"398":0,"399":0,"400":0,"401":0,"402":0,"403":0,"404":0,"405":0,"406":0,"407":0,"408":0,"409":0,"410":0,"411":0,"412":0,"413":0,"414":0,"415":0,"416":0,"417":0,"418":0,"419":0,"420":0,"421":0,"422":0,"423":0,"424":0,"425":0,"426":0,"427":0,"428":0,"429":0,"430":0,"431":0,"432":0,"433":0,"434":0,"435":0,"436":0,"437":0,"438":0,"439":0,"440":0,"441":0,"442":0,"443":0,"444":0,"445":0,"446":0,"447":0,"448":0,"449":0,"450":0,"451":0,"452":0,"453":0,"454":0,"455":0,"456":0,"457":0,"458":0,"459":0,"460":0,"461":0,"462":0,"463":0,"464":0,"465":0,"466":0,"467":0,"468":0,"469":0,"470":0,"471":0,"472":0,"473":0,"474":0,"475":0,"476":0,"477":0,"478":0,"479":0,"480":0,"481":0,"482":0,"483":0,"484":0,"485":0,"486":0,"487":0,"488":0,"489":0,"490":0,"491":0,"492":0,"493":0,"494":0,"495":0,"496":0,"497":0,"498":0,"499":0,"500":0,"501":0,"502":0,"503":0,"504":0,"505":0,"506":0,"507":0,"508":0,"509":0,"510":0,"511":0,"512":0,"513":0,"514":0,"515":0,"516":0,"517":0,"518":0,"519":0,"520":0,"521":0,"522":0,"523":0,"524":0,"525":0,"526":0,"527":0,"528":0,"529":0,"530":0,"531":0,"532":0,"533":0,"534":0,"535":0,"536":0,"537":0,"538":0,"539":0,"540":0,"541":0,"542":0,"543":0,"544":0,"545":0,"546":0,"547":0,"548":0,"549":0,"550":0,"551":0,"552":0,"553":0,"554":0,"555":0,"556":0,"557":0,"558":0,"559":0,"560":0,"561":0,"562":0,"563":0,"564":0,"565":0,"566":0,"567":0,"568":0,"569":0,"570":0,"571":0,"572":0,"573":0,"574":0,"575":0,"576":0,"577":0,"578":0,"579":0,"580":0,"581":0,"582":0,"583":0,"584":0,"585":0,"586":0,"587":0,"588":0,"589":0,"590":0,"591":0,"592":0,"593":0,"594":0,"595":0,"596":0,"597":0,"598":0,"599":0,"600":0,"601":0,"602":0,"603":0,"604":0,"605":0,"606":0,"607":0,"608":0},"b":{"1":[0,0],"2":[0,0],"3":[0,0],"4":[0,0],"5":[0,0],"6":[0,0],"7":[0,0],"8":[0,0],"9":[0,0],"10":[0,0],"11":[0,0],"12":[0,0],"13":[0,0],"14":[0,0],"15":[0,0],"16":[0,0],"17":[0,0,0],"18":[0,0],"19":[0,0],"20":[0,0],"21":[0,0],"22":[0,0],"23":[0,0],"24":[0,0],"25":[0,0],"26":[0,0,0,0],"27":[0,0],"28":[0,0],"29":[0,0],"30":[0,0,0],"31":[0,0],"32":[0,0],"33":[0,0],"34":[0,0],"35":[0,0],"36":[0,0],"37":[0,0],"38":[0,0],"39":[0,0],"40":[0,0],"41":[0,0],"42":[0,0],"43":[0,0],"44":[0,0],"45":[0,0],"46":[0,0],"47":[0,0],"48":[0,0],"49":[0,0],"50":[0,0],"51":[0,0],"52":[0,0],"53":[0,0],"54":[0,0],"55":[0,0],"56":[0,0],"57":[0,0],"58":[0,0],"59":[0,0],"60":[0,0],"61":[0,0,0],"62":[0,0],"63":[0,0],"64":[0,0],"65":[0,0],"66":[0,0],"67":[0,0],"68":[0,0],"69":[0,0],"70":[0,0],"71":[0,0],"72":[0,0],"73":[0,0],"74":[0,0],"75":[0,0],"76":[0,0],"77":[0,0],"78":[0,0],"79":[0,0],"80":[0,0],"81":[0,0],"82":[0,0],"83":[0,0],"84":[0,0],"85":[0,0],"86":[0,0],"87":[0,0],"88":[0,0],"89":[0,0],"90":[0,0],"91":[0,0],"92":[0,0],"93":[0,0],"94":[0,0],"95":[0,0],"96":[0,0],"97":[0,0],"98":[0,0],"99":[0,0],"100":[0,0],"101":[0,0],"102":[0,0],"103":[0,0],"104":[0,0],"105":[0,0],"106":[0,0,0],"107":[0,0],"108":[0,0],"109":[0,0],"110":[0,0],"111":[0,0,0,0],"112":[0,0],"113":[0,0],"114":[0,0,0],"115":[0,0],"116":[0,0],"117":[0,0],"118":[0,0],"119":[0,0],"120":[0,0],"121":[0,0,0],"122":[0,0],"123":[0,0],"124":[0,0],"125":[0,0,0],"126":[0,0],"127":[0,0],"128":[0,0],"129":[0,0],"130":[0,0],"131":[0,0],"132":[0,0],"133":[0,0],"134":[0,0],"135":[0,0],"136":[0,0],"137":[0,0],"138":[0,0,0],"139":[0,0],"140":[0,0],"141":[0,0],"142":[0,0],"143":[0,0],"144":[0,0],"145":[0,0],"146":[0,0],"147":[0,0],"148":[0,0],"149":[0,0],"150":[0,0],"151":[0,0],"152":[0,0,0],"153":[0,0],"154":[0,0,0],"155":[0,0],"156":[0,0],"157":[0,0],"158":[0,0],"159":[0,0],"160":[0,0],"161":[0,0],"162":[0,0],"163":[0,0],"164":[0,0],"165":[0,0],"166":[0,0],"167":[0,0,0],"168":[0,0],"169":[0,0],"170":[0,0],"171":[0,0],"172":[0,0],"173":[0,0],"174":[0,0],"175":[0,0],"176":[0,0],"177":[0,0],"178":[0,0],"179":[0,0],"180":[0,0],"181":[0,0],"182":[0,0],"183":[0,0],"184":[0,0],"185":[0,0],"186":[0,0,0],"187":[0,0],"188":[0,0],"189":[0,0],"190":[0,0],"191":[0,0],"192":[0,0],"193":[0,0],"194":[0,0],"195":[0,0],"196":[0,0],"197":[0,0],"198":[0,0],"199":[0,0],"200":[0,0]},"f":{"1":0,"2":0,"3":0,"4":0,"5":0,"6":0,"7":0,"8":0,"9":0,"10":0,"11":0,"12":0,"13":0,"14":0,"15":0,"16":0,"17":0,"18":0,"19":0,"20":0,"21":0,"22":0,"23":0,"24":0,"25":0,"26":0,"27":0,"28":0,"29":0,"30":0,"31":0,"32":0,"33":0,"34":0,"35":0,"36":0,"37":0,"38":0,"39":0,"40":0,"41":0,"42":0,"43":0,"44":0,"45":0,"46":0,"47":0,"48":0,"49":0,"50":0,"51":0,"52":0,"53":0,"54":0,"55":0,"56":0,"57":0,"58":0,"59":0,"60":0,"61":0,"62":0,"63":0,"64":0,"65":0,"66":0,"67":0,"68":0,"69":0,"70":0,"71":0,"72":0,"73":0,"74":0,"75":0,"76":0,"77":0,"78":0,"79":0,"80":0,"81":0,"82":0,"83":0,"84":0,"85":0,"86":0,"87":0,"88":0,"89":0,"90":0,"91":0,"92":0,"93":0,"94":0,"95":0,"96":0,"97":0,"98":0,"99":0,"100":0,"101":0,"102":0,"103":0,"104":0,"105":0,"106":0,"107":0,"108":0,"109":0,"110":0,"111":0,"112":0,"113":0,"114":0,"115":0,"116":0,"117":0},"fnMap":{"1":{"name":"(anonymous_1)","line":8,"loc":{"start":{"line":8,"column":1},"end":{"line":8,"column":28}}},"2":{"name":"(anonymous_2)","line":25,"loc":{"start":{"line":25,"column":147},"end":{"line":25,"column":252}}},"3":{"name":"(anonymous_3)","line":40,"loc":{"start":{"line":40,"column":27},"end":{"line":40,"column":44}}},"4":{"name":"(anonymous_4)","line":46,"loc":{"start":{"line":46,"column":22},"end":{"line":46,"column":40}}},"5":{"name":"(anonymous_5)","line":50,"loc":{"start":{"line":50,"column":52},"end":{"line":50,"column":76}}},"6":{"name":"_init","line":71,"loc":{"start":{"line":71,"column":21},"end":{"line":71,"column":45}}},"7":{"name":"append","line":77,"loc":{"start":{"line":77,"column":29},"end":{"line":77,"column":50}}},"8":{"name":"(anonymous_8)","line":81,"loc":{"start":{"line":81,"column":39},"end":{"line":81,"column":55}}},"9":{"name":"(anonymous_9)","line":92,"loc":{"start":{"line":92,"column":42},"end":{"line":92,"column":57}}},"10":{"name":"(anonymous_10)","line":99,"loc":{"start":{"line":99,"column":60},"end":{"line":99,"column":76}}},"11":{"name":"addReg","line":113,"loc":{"start":{"line":113,"column":25},"end":{"line":113,"column":53}}},"12":{"name":"(anonymous_12)","line":127,"loc":{"start":{"line":127,"column":43},"end":{"line":127,"column":65}}},"13":{"name":"stringify","line":139,"loc":{"start":{"line":139,"column":24},"end":{"line":139,"column":48}}},"14":{"name":"(anonymous_14)","line":144,"loc":{"start":{"line":144,"column":43},"end":{"line":144,"column":65}}},"15":{"name":"hashCode","line":158,"loc":{"start":{"line":158,"column":23},"end":{"line":158,"column":46}}},"16":{"name":"_register","line":174,"loc":{"start":{"line":174,"column":8},"end":{"line":174,"column":63}}},"17":{"name":"(anonymous_17)","line":213,"loc":{"start":{"line":213,"column":47},"end":{"line":213,"column":61}}},"18":{"name":"_registerInvokeList","line":219,"loc":{"start":{"line":219,"column":8},"end":{"line":219,"column":55}}},"19":{"name":"onInvoke","line":229,"loc":{"start":{"line":229,"column":27},"end":{"line":229,"column":65}}},"20":{"name":"checkHashes","line":240,"loc":{"start":{"line":240,"column":12},"end":{"line":240,"column":56}}},"21":{"name":"(anonymous_21)","line":245,"loc":{"start":{"line":245,"column":45},"end":{"line":245,"column":63}}},"22":{"name":"signature","line":252,"loc":{"start":{"line":252,"column":12},"end":{"line":252,"column":37}}},"23":{"name":"(anonymous_23)","line":272,"loc":{"start":{"line":272,"column":44},"end":{"line":272,"column":67}}},"24":{"name":"_invokeQueue","line":287,"loc":{"start":{"line":287,"column":8},"end":{"line":287,"column":70}}},"25":{"name":"callInvoke","line":310,"loc":{"start":{"line":310,"column":41},"end":{"line":310,"column":66}}},"26":{"name":"getModuleName","line":335,"loc":{"start":{"line":335,"column":8},"end":{"line":335,"column":39}}},"27":{"name":"moduleExists","line":345,"loc":{"start":{"line":345,"column":8},"end":{"line":345,"column":42}}},"28":{"name":"(anonymous_28)","line":358,"loc":{"start":{"line":358,"column":82},"end":{"line":358,"column":143}}},"29":{"name":"(anonymous_29)","line":370,"loc":{"start":{"line":370,"column":44},"end":{"line":370,"column":56}}},"30":{"name":"broadcast","line":374,"loc":{"start":{"line":374,"column":24},"end":{"line":374,"column":62}}},"31":{"name":"reject","line":383,"loc":{"start":{"line":383,"column":12},"end":{"line":383,"column":31}}},"32":{"name":"getFilesCache","line":399,"loc":{"start":{"line":399,"column":32},"end":{"line":399,"column":57}}},"33":{"name":"toggleWatch","line":407,"loc":{"start":{"line":407,"column":29},"end":{"line":407,"column":57}}},"34":{"name":"getModuleConfig","line":420,"loc":{"start":{"line":420,"column":33},"end":{"line":420,"column":70}}},"35":{"name":"setModuleConfig","line":435,"loc":{"start":{"line":435,"column":33},"end":{"line":435,"column":72}}},"36":{"name":"getModules","line":447,"loc":{"start":{"line":447,"column":28},"end":{"line":447,"column":50}}},"37":{"name":"isLoaded","line":456,"loc":{"start":{"line":456,"column":26},"end":{"line":456,"column":58}}},"38":{"name":"moduleLoaded","line":457,"loc":{"start":{"line":457,"column":39},"end":{"line":457,"column":69}}},"39":{"name":"getModule","line":492,"loc":{"start":{"line":492,"column":28},"end":{"line":492,"column":59}}},"40":{"name":"_loadDependencies","line":518,"loc":{"start":{"line":518,"column":35},"end":{"line":518,"column":87}}},"41":{"name":"(anonymous_41)","line":539,"loc":{"start":{"line":539,"column":46},"end":{"line":539,"column":70}}},"42":{"name":"(anonymous_42)","line":556,"loc":{"start":{"line":556,"column":61},"end":{"line":556,"column":74}}},"43":{"name":"(anonymous_43)","line":568,"loc":{"start":{"line":568,"column":99},"end":{"line":568,"column":111}}},"44":{"name":"(anonymous_44)","line":577,"loc":{"start":{"line":577,"column":58},"end":{"line":577,"column":75}}},"45":{"name":"(anonymous_45)","line":603,"loc":{"start":{"line":603,"column":99},"end":{"line":603,"column":111}}},"46":{"name":"inject","line":622,"loc":{"start":{"line":622,"column":24},"end":{"line":622,"column":52}}},"47":{"name":"(anonymous_47)","line":631,"loc":{"start":{"line":631,"column":56},"end":{"line":631,"column":74}}},"48":{"name":"loadNext","line":641,"loc":{"start":{"line":641,"column":39},"end":{"line":641,"column":69}}},"49":{"name":"success","line":644,"loc":{"start":{"line":644,"column":81},"end":{"line":644,"column":100}}},"50":{"name":"error","line":659,"loc":{"start":{"line":659,"column":31},"end":{"line":659,"column":51}}},"51":{"name":"getRequires","line":679,"loc":{"start":{"line":679,"column":29},"end":{"line":679,"column":58}}},"52":{"name":"(anonymous_52)","line":681,"loc":{"start":{"line":681,"column":53},"end":{"line":681,"column":78}}},"53":{"name":"_unregister","line":728,"loc":{"start":{"line":728,"column":29},"end":{"line":728,"column":59}}},"54":{"name":"(anonymous_54)","line":731,"loc":{"start":{"line":731,"column":53},"end":{"line":731,"column":71}}},"55":{"name":"(anonymous_55)","line":745,"loc":{"start":{"line":745,"column":24},"end":{"line":745,"column":60}}},"56":{"name":"(anonymous_56)","line":757,"loc":{"start":{"line":757,"column":41},"end":{"line":757,"column":59}}},"57":{"name":"_addToLoadList","line":763,"loc":{"start":{"line":763,"column":25},"end":{"line":763,"column":68}}},"58":{"name":"(anonymous_58)","line":773,"loc":{"start":{"line":773,"column":21},"end":{"line":773,"column":57}}},"59":{"name":"(anonymous_59)","line":783,"loc":{"start":{"line":783,"column":1},"end":{"line":783,"column":20}}},"60":{"name":"(anonymous_60)","line":786,"loc":{"start":{"line":786,"column":120},"end":{"line":786,"column":181}}},"61":{"name":"compile","line":791,"loc":{"start":{"line":791,"column":21},"end":{"line":791,"column":54}}},"62":{"name":"(anonymous_62)","line":796,"loc":{"start":{"line":796,"column":23},"end":{"line":796,"column":58}}},"63":{"name":"(anonymous_63)","line":798,"loc":{"start":{"line":798,"column":34},"end":{"line":798,"column":46}}},"64":{"name":"(anonymous_64)","line":800,"loc":{"start":{"line":800,"column":23},"end":{"line":800,"column":45}}},"65":{"name":"(anonymous_65)","line":802,"loc":{"start":{"line":802,"column":62},"end":{"line":802,"column":74}}},"66":{"name":"(anonymous_66)","line":817,"loc":{"start":{"line":817,"column":1},"end":{"line":817,"column":20}}},"67":{"name":"(anonymous_67)","line":820,"loc":{"start":{"line":820,"column":54},"end":{"line":820,"column":74}}},"68":{"name":"(anonymous_68)","line":821,"loc":{"start":{"line":821,"column":86},"end":{"line":821,"column":131}}},"69":{"name":"buildElement","line":833,"loc":{"start":{"line":833,"column":37},"end":{"line":833,"column":79}}},"70":{"name":"cacheBuster","line":838,"loc":{"start":{"line":838,"column":34},"end":{"line":838,"column":60}}},"71":{"name":"(anonymous_71)","line":874,"loc":{"start":{"line":874,"column":55},"end":{"line":874,"column":68}}},"72":{"name":"(anonymous_72)","line":881,"loc":{"start":{"line":881,"column":29},"end":{"line":881,"column":41}}},"73":{"name":"(anonymous_73)","line":928,"loc":{"start":{"line":928,"column":49},"end":{"line":928,"column":61}}},"74":{"name":"(anonymous_74)","line":949,"loc":{"start":{"line":949,"column":1},"end":{"line":949,"column":20}}},"75":{"name":"(anonymous_75)","line":952,"loc":{"start":{"line":952,"column":54},"end":{"line":952,"column":74}}},"76":{"name":"(anonymous_76)","line":953,"loc":{"start":{"line":953,"column":62},"end":{"line":953,"column":87}}},"77":{"name":"filesLoader","line":960,"loc":{"start":{"line":960,"column":36},"end":{"line":960,"column":65}}},"78":{"name":"pushFile","line":974,"loc":{"start":{"line":974,"column":31},"end":{"line":974,"column":55}}},"79":{"name":"(anonymous_79)","line":1021,"loc":{"start":{"line":1021,"column":50},"end":{"line":1021,"column":66}}},"80":{"name":"(anonymous_80)","line":1028,"loc":{"start":{"line":1028,"column":50},"end":{"line":1028,"column":65}}},"81":{"name":"(anonymous_81)","line":1041,"loc":{"start":{"line":1041,"column":62},"end":{"line":1041,"column":77}}},"82":{"name":"(anonymous_82)","line":1054,"loc":{"start":{"line":1054,"column":48},"end":{"line":1054,"column":63}}},"83":{"name":"(anonymous_83)","line":1072,"loc":{"start":{"line":1072,"column":49},"end":{"line":1072,"column":61}}},"84":{"name":"(anonymous_84)","line":1076,"loc":{"start":{"line":1076,"column":55},"end":{"line":1076,"column":70}}},"85":{"name":"(anonymous_85)","line":1089,"loc":{"start":{"line":1089,"column":29},"end":{"line":1089,"column":55}}},"86":{"name":"(anonymous_86)","line":1105,"loc":{"start":{"line":1105,"column":44},"end":{"line":1105,"column":57}}},"87":{"name":"(anonymous_87)","line":1110,"loc":{"start":{"line":1110,"column":46},"end":{"line":1110,"column":61}}},"88":{"name":"(anonymous_88)","line":1112,"loc":{"start":{"line":1112,"column":23},"end":{"line":1112,"column":38}}},"89":{"name":"(anonymous_89)","line":1165,"loc":{"start":{"line":1165,"column":64},"end":{"line":1165,"column":76}}},"90":{"name":"(anonymous_90)","line":1166,"loc":{"start":{"line":1166,"column":61},"end":{"line":1166,"column":76}}},"91":{"name":"(anonymous_91)","line":1168,"loc":{"start":{"line":1168,"column":23},"end":{"line":1168,"column":38}}},"92":{"name":"(anonymous_92)","line":1171,"loc":{"start":{"line":1171,"column":19},"end":{"line":1171,"column":34}}},"93":{"name":"(anonymous_93)","line":1183,"loc":{"start":{"line":1183,"column":1},"end":{"line":1183,"column":20}}},"94":{"name":"(anonymous_94)","line":1186,"loc":{"start":{"line":1186,"column":54},"end":{"line":1186,"column":74}}},"95":{"name":"(anonymous_95)","line":1187,"loc":{"start":{"line":1187,"column":62},"end":{"line":1187,"column":87}}},"96":{"name":"(anonymous_96)","line":1196,"loc":{"start":{"line":1196,"column":34},"end":{"line":1196,"column":69}}},"97":{"name":"(anonymous_97)","line":1198,"loc":{"start":{"line":1198,"column":39},"end":{"line":1198,"column":55}}},"98":{"name":"(anonymous_98)","line":1201,"loc":{"start":{"line":1201,"column":38},"end":{"line":1201,"column":50}}},"99":{"name":"(anonymous_99)","line":1203,"loc":{"start":{"line":1203,"column":19},"end":{"line":1203,"column":34}}},"100":{"name":"(anonymous_100)","line":1213,"loc":{"start":{"line":1213,"column":1},"end":{"line":1213,"column":20}}},"101":{"name":"(anonymous_101)","line":1216,"loc":{"start":{"line":1216,"column":54},"end":{"line":1216,"column":74}}},"102":{"name":"(anonymous_102)","line":1217,"loc":{"start":{"line":1217,"column":62},"end":{"line":1217,"column":87}}},"103":{"name":"(anonymous_103)","line":1226,"loc":{"start":{"line":1226,"column":33},"end":{"line":1226,"column":68}}},"104":{"name":"(anonymous_104)","line":1228,"loc":{"start":{"line":1228,"column":39},"end":{"line":1228,"column":55}}},"105":{"name":"(anonymous_105)","line":1231,"loc":{"start":{"line":1231,"column":38},"end":{"line":1231,"column":50}}},"106":{"name":"(anonymous_106)","line":1233,"loc":{"start":{"line":1233,"column":19},"end":{"line":1233,"column":34}}},"107":{"name":"(anonymous_107)","line":1243,"loc":{"start":{"line":1243,"column":1},"end":{"line":1243,"column":20}}},"108":{"name":"(anonymous_108)","line":1246,"loc":{"start":{"line":1246,"column":54},"end":{"line":1246,"column":74}}},"109":{"name":"(anonymous_109)","line":1247,"loc":{"start":{"line":1247,"column":89},"end":{"line":1247,"column":137}}},"110":{"name":"(anonymous_110)","line":1256,"loc":{"start":{"line":1256,"column":40},"end":{"line":1256,"column":75}}},"111":{"name":"(anonymous_111)","line":1260,"loc":{"start":{"line":1260,"column":39},"end":{"line":1260,"column":54}}},"112":{"name":"(anonymous_112)","line":1263,"loc":{"start":{"line":1263,"column":48},"end":{"line":1263,"column":68}}},"113":{"name":"(anonymous_113)","line":1266,"loc":{"start":{"line":1266,"column":67},"end":{"line":1266,"column":83}}},"114":{"name":"(anonymous_114)","line":1276,"loc":{"start":{"line":1276,"column":32},"end":{"line":1276,"column":52}}},"115":{"name":"(anonymous_115)","line":1280,"loc":{"start":{"line":1280,"column":45},"end":{"line":1280,"column":57}}},"116":{"name":"(anonymous_116)","line":1282,"loc":{"start":{"line":1282,"column":19},"end":{"line":1282,"column":34}}},"117":{"name":"(anonymous_117)","line":1294,"loc":{"start":{"line":1294,"column":34},"end":{"line":1294,"column":70}}}},"statementMap":{"1":{"start":{"line":8,"column":0},"end":{"line":782,"column":20}},"2":{"start":{"line":11,"column":4},"end":{"line":21,"column":24}},"3":{"start":{"line":23,"column":4},"end":{"line":23,"column":59}},"4":{"start":{"line":25,"column":4},"end":{"line":742,"column":8}},"5":{"start":{"line":26,"column":8},"end":{"line":38,"column":32}},"6":{"start":{"line":40,"column":8},"end":{"line":44,"column":10}},"7":{"start":{"line":41,"column":12},"end":{"line":43,"column":13}},"8":{"start":{"line":42,"column":16},"end":{"line":42,"column":60}},"9":{"start":{"line":46,"column":8},"end":{"line":65,"column":10}},"10":{"start":{"line":48,"column":12},"end":{"line":56,"column":13}},"11":{"start":{"line":49,"column":16},"end":{"line":55,"column":17}},"12":{"start":{"line":50,"column":20},"end":{"line":52,"column":23}},"13":{"start":{"line":51,"column":24},"end":{"line":51,"column":66}},"14":{"start":{"line":54,"column":20},"end":{"line":54,"column":66}},"15":{"start":{"line":58,"column":12},"end":{"line":60,"column":13}},"16":{"start":{"line":59,"column":16},"end":{"line":59,"column":37}},"17":{"start":{"line":62,"column":12},"end":{"line":64,"column":13}},"18":{"start":{"line":63,"column":16},"end":{"line":63,"column":39}},"19":{"start":{"line":71,"column":8},"end":{"line":133,"column":10}},"20":{"start":{"line":73,"column":12},"end":{"line":107,"column":13}},"21":{"start":{"line":74,"column":16},"end":{"line":79,"column":18}},"22":{"start":{"line":78,"column":20},"end":{"line":78,"column":53}},"23":{"start":{"line":81,"column":16},"end":{"line":90,"column":19}},"24":{"start":{"line":82,"column":20},"end":{"line":82,"column":39}},"25":{"start":{"line":83,"column":20},"end":{"line":83,"column":58}},"26":{"start":{"line":84,"column":20},"end":{"line":84,"column":52}},"27":{"start":{"line":85,"column":20},"end":{"line":89,"column":21}},"28":{"start":{"line":86,"column":24},"end":{"line":86,"column":89}},"29":{"start":{"line":87,"column":24},"end":{"line":87,"column":97}},"30":{"start":{"line":88,"column":24},"end":{"line":88,"column":95}},"31":{"start":{"line":92,"column":16},"end":{"line":106,"column":19}},"32":{"start":{"line":93,"column":20},"end":{"line":105,"column":21}},"33":{"start":{"line":94,"column":24},"end":{"line":94,"column":70}},"34":{"start":{"line":95,"column":24},"end":{"line":95,"column":72}},"35":{"start":{"line":96,"column":24},"end":{"line":104,"column":25}},"36":{"start":{"line":97,"column":28},"end":{"line":97,"column":86}},"37":{"start":{"line":99,"column":28},"end":{"line":103,"column":31}},"38":{"start":{"line":100,"column":32},"end":{"line":102,"column":33}},"39":{"start":{"line":101,"column":36},"end":{"line":101,"column":67}},"40":{"start":{"line":109,"column":12},"end":{"line":111,"column":13}},"41":{"start":{"line":110,"column":16},"end":{"line":110,"column":182}},"42":{"start":{"line":113,"column":12},"end":{"line":125,"column":14}},"43":{"start":{"line":114,"column":16},"end":{"line":124,"column":17}},"44":{"start":{"line":116,"column":20},"end":{"line":116,"column":48}},"45":{"start":{"line":117,"column":20},"end":{"line":117,"column":64}},"46":{"start":{"line":120,"column":20},"end":{"line":120,"column":76}},"47":{"start":{"line":121,"column":20},"end":{"line":121,"column":77}},"48":{"start":{"line":123,"column":20},"end":{"line":123,"column":65}},"49":{"start":{"line":127,"column":12},"end":{"line":129,"column":15}},"50":{"start":{"line":128,"column":16},"end":{"line":128,"column":35}},"51":{"start":{"line":131,"column":12},"end":{"line":131,"column":31}},"52":{"start":{"line":132,"column":12},"end":{"line":132,"column":37}},"53":{"start":{"line":139,"column":8},"end":{"line":156,"column":10}},"54":{"start":{"line":140,"column":12},"end":{"line":155,"column":13}},"55":{"start":{"line":141,"column":16},"end":{"line":141,"column":43}},"56":{"start":{"line":143,"column":16},"end":{"line":143,"column":31}},"57":{"start":{"line":144,"column":16},"end":{"line":154,"column":19}},"58":{"start":{"line":145,"column":20},"end":{"line":152,"column":21}},"59":{"start":{"line":146,"column":24},"end":{"line":149,"column":25}},"60":{"start":{"line":148,"column":28},"end":{"line":148,"column":35}},"61":{"start":{"line":151,"column":24},"end":{"line":151,"column":42}},"62":{"start":{"line":153,"column":20},"end":{"line":153,"column":33}},"63":{"start":{"line":158,"column":8},"end":{"line":172,"column":10}},"64":{"start":{"line":159,"column":12},"end":{"line":162,"column":20}},"65":{"start":{"line":163,"column":12},"end":{"line":165,"column":13}},"66":{"start":{"line":164,"column":16},"end":{"line":164,"column":28}},"67":{"start":{"line":166,"column":12},"end":{"line":170,"column":13}},"68":{"start":{"line":167,"column":16},"end":{"line":167,"column":40}},"69":{"start":{"line":168,"column":16},"end":{"line":168,"column":48}},"70":{"start":{"line":169,"column":16},"end":{"line":169,"column":26}},"71":{"start":{"line":171,"column":12},"end":{"line":171,"column":24}},"72":{"start":{"line":174,"column":8},"end":{"line":217,"column":9}},"73":{"start":{"line":175,"column":12},"end":{"line":216,"column":13}},"74":{"start":{"line":176,"column":16},"end":{"line":179,"column":39}},"75":{"start":{"line":180,"column":16},"end":{"line":210,"column":17}},"76":{"start":{"line":181,"column":20},"end":{"line":181,"column":52}},"77":{"start":{"line":182,"column":20},"end":{"line":184,"column":21}},"78":{"start":{"line":183,"column":24},"end":{"line":183,"column":63}},"79":{"start":{"line":185,"column":20},"end":{"line":187,"column":21}},"80":{"start":{"line":186,"column":24},"end":{"line":186,"column":33}},"81":{"start":{"line":189,"column":20},"end":{"line":189,"column":74}},"82":{"start":{"line":190,"column":20},"end":{"line":190,"column":55}},"83":{"start":{"line":191,"column":20},"end":{"line":194,"column":21}},"84":{"start":{"line":192,"column":24},"end":{"line":192,"column":52}},"85":{"start":{"line":193,"column":24},"end":{"line":193,"column":72}},"86":{"start":{"line":195,"column":20},"end":{"line":201,"column":21}},"87":{"start":{"line":197,"column":24},"end":{"line":197,"column":51}},"88":{"start":{"line":198,"column":24},"end":{"line":200,"column":25}},"89":{"start":{"line":199,"column":28},"end":{"line":199,"column":84}},"90":{"start":{"line":202,"column":20},"end":{"line":204,"column":21}},"91":{"start":{"line":203,"column":24},"end":{"line":203,"column":84}},"92":{"start":{"line":205,"column":20},"end":{"line":205,"column":96}},"93":{"start":{"line":206,"column":20},"end":{"line":206,"column":97}},"94":{"start":{"line":207,"column":20},"end":{"line":207,"column":111}},"95":{"start":{"line":208,"column":20},"end":{"line":208,"column":42}},"96":{"start":{"line":209,"column":20},"end":{"line":209,"column":48}},"97":{"start":{"line":212,"column":16},"end":{"line":212,"column":71}},"98":{"start":{"line":213,"column":16},"end":{"line":215,"column":19}},"99":{"start":{"line":214,"column":20},"end":{"line":214,"column":48}},"100":{"start":{"line":219,"column":8},"end":{"line":285,"column":9}},"101":{"start":{"line":220,"column":12},"end":{"line":222,"column":34}},"102":{"start":{"line":223,"column":12},"end":{"line":225,"column":13}},"103":{"start":{"line":224,"column":16},"end":{"line":224,"column":44}},"104":{"start":{"line":226,"column":12},"end":{"line":228,"column":13}},"105":{"start":{"line":227,"column":16},"end":{"line":227,"column":50}},"106":{"start":{"line":229,"column":12},"end":{"line":238,"column":14}},"107":{"start":{"line":230,"column":16},"end":{"line":232,"column":17}},"108":{"start":{"line":231,"column":20},"end":{"line":231,"column":66}},"109":{"start":{"line":233,"column":16},"end":{"line":237,"column":17}},"110":{"start":{"line":234,"column":20},"end":{"line":234,"column":37}},"111":{"start":{"line":235,"column":20},"end":{"line":235,"column":74}},"112":{"start":{"line":236,"column":20},"end":{"line":236,"column":92}},"113":{"start":{"line":240,"column":12},"end":{"line":250,"column":13}},"114":{"start":{"line":241,"column":16},"end":{"line":242,"column":28}},"115":{"start":{"line":243,"column":16},"end":{"line":248,"column":17}},"116":{"start":{"line":244,"column":20},"end":{"line":244,"column":54}},"117":{"start":{"line":245,"column":20},"end":{"line":247,"column":23}},"118":{"start":{"line":246,"column":24},"end":{"line":246,"column":71}},"119":{"start":{"line":249,"column":16},"end":{"line":249,"column":29}},"120":{"start":{"line":252,"column":12},"end":{"line":267,"column":13}},"121":{"start":{"line":253,"colu
[...]
(anonymous_2)","line":23,"loc":{"start":{"line":23,"column":21},"end":{"line":23,"column":35}}},"3":{"name":"(anonymous_3)","line":34,"loc":{"start":{"line":34,"column":15},"end":{"line":34,"column":30}}},"4":{"name":"(anonymous_4)","line":60,"loc":{"start":{"line":60,"column":18},"end":{"line":60,"column":34}}},"5":{"name":"(anonymous_5)","line":65,"loc":{"start":{"line":65,"column":19},"end":{"line":65,"column":34}}},"6":{"name":"(anonymous_6)","line":70,"loc":{"start":{"line":70,"column":18},"end":{"line":70,"column":29}}},"7":{"name":"(anonymous_7)","line":72,"loc":{"start":{"line":72,"column":11},"end":{"line":72,"column":23}}},"8":{"name":"(anonymous_8)","line":80,"loc":{"start":{"line":80,"column":19},"end":{"line":80,"column":70}}},"9":{"name":"(anonymous_9)","line":88,"loc":{"start":{"line":88,"column":20},"end":{"line":88,"column":35}}},"10":{"name":"(anonymous_10)","line":101,"loc":{"start":{"line":101,"column":24},"end":{"line":101,"column":41}}},"11":{"name":"(anonymous_11)","line":118,"loc":{"start":{"line":118,"column":17},"end":{"line":118,"column":38}}},"12":{"name":"(anonymous_12)","line":122,"loc":{"start":{"line":122,"column":73},"end":{"line":122,"column":104}}},"13":{"name":"(anonymous_13)","line":125,"loc":{"start":{"line":125,"column":38},"end":{"line":125,"column":58}}},"14":{"name":"(anonymous_14)","line":137,"loc":{"start":{"line":137,"column":21},"end":{"line":137,"column":56}}},"15":{"name":"(anonymous_15)","line":148,"loc":{"start":{"line":148,"column":17},"end":{"line":148,"column":34}}},"16":{"name":"(anonymous_16)","line":176,"loc":{"start":{"line":176,"column":21},"end":{"line":176,"column":32}}},"17":{"name":"(anonymous_17)","line":178,"loc":{"start":{"line":178,"column":25},"end":{"line":178,"column":56}}},"18":{"name":"(anonymous_18)","line":186,"loc":{"start":{"line":186,"column":15},"end":{"line":186,"column":39}}},"19":{"name":"(anonymous_19)","line":187,"loc":{"start":{"line":187,"column":23},"end":{"line":187,"column":37}}},"20":{"name":"(anonymous_20)","line":189,"loc":{"start":{"line":189,"column":58},"end":{"line":189,"column":76}}}},"statementMap":{"1":{"start":{"line":3,"column":0},"end":{"line":3,"column":37}},"2":{"start":{"line":4,"column":0},"end":{"line":4,"column":23}},"3":{"start":{"line":5,"column":0},"end":{"line":5,"column":27}},"4":{"start":{"line":6,"column":0},"end":{"line":6,"column":22}},"5":{"start":{"line":8,"column":0},"end":{"line":8,"column":64}},"6":{"start":{"line":9,"column":0},"end":{"line":9,"column":51}},"7":{"start":{"line":11,"column":0},"end":{"line":11,"column":52}},"8":{"start":{"line":12,"column":0},"end":{"line":12,"column":73}},"9":{"start":{"line":13,"column":0},"end":{"line":13,"column":73}},"10":{"start":{"line":15,"column":0},"end":{"line":15,"column":27}},"11":{"start":{"line":18,"column":0},"end":{"line":20,"column":2}},"12":{"start":{"line":19,"column":1},"end":{"line":19,"column":63}},"13":{"start":{"line":23,"column":0},"end":{"line":57,"column":2}},"14":{"start":{"line":24,"column":1},"end":{"line":24,"column":23}},"15":{"start":{"line":24,"column":11},"end":{"line":24,"column":23}},"16":{"start":{"line":26,"column":1},"end":{"line":26,"column":29}},"17":{"start":{"line":27,"column":1},"end":{"line":27,"column":21}},"18":{"start":{"line":29,"column":1},"end":{"line":29,"column":26}},"19":{"start":{"line":30,"column":1},"end":{"line":30,"column":29}},"20":{"start":{"line":31,"column":1},"end":{"line":31,"column":17}},"21":{"start":{"line":32,"column":1},"end":{"line":32,"column":17}},"22":{"start":{"line":34,"column":1},"end":{"line":37,"column":4}},"23":{"start":{"line":35,"column":2},"end":{"line":35,"column":49}},"24":{"start":{"line":36,"column":2},"end":{"line":36,"column":49}},"25":{"start":{"line":36,"column":13},"end":{"line":36,"column":49}},"26":{"start":{"line":39,"column":1},"end":{"line":39,"column":48}},"27":{"start":{"line":40,"column":1},"end":{"line":42,"column":2}},"28":{"start":{"line":41,"column":2},"end":{"line":41,"column":26}},"29":{"start":{"line":44,"column":1},"end":{"line":44,"column":29}},"30":{"start":{"line":45,"column":1},"end":{"line":45,"column":50}},"31":{"start":{"line":47,"column":1},"end":{"line":50,"column":2}},"32":{"start":{"line":48,"column":2},"end":{"line":48,"column":58}},"33":{"start":{"line":49,"column":2},"end":{"line":49,"column":14}},"34":{"start":{"line":52,"column":1},"end":{"line":52,"column":21}},"35":{"start":{"line":54,"column":1},"end":{"line":54,"column":24}},"36":{"start":{"line":56,"column":1},"end":{"line":56,"column":12}},"37":{"start":{"line":60,"column":0},"end":{"line":62,"column":2}},"38":{"start":{"line":61,"column":1},"end":{"line":61,"column":46}},"39":{"start":{"line":65,"column":0},"end":{"line":67,"column":2}},"40":{"start":{"line":66,"column":1},"end":{"line":66,"column":58}},"41":{"start":{"line":70,"column":0},"end":{"line":77,"column":2}},"42":{"start":{"line":71,"column":1},"end":{"line":71,"column":22}},"43":{"start":{"line":72,"column":1},"end":{"line":74,"column":3}},"44":{"start":{"line":73,"column":2},"end":{"line":73,"column":30}},"45":{"start":{"line":76,"column":1},"end":{"line":76,"column":96}},"46":{"start":{"line":80,"column":0},"end":{"line":115,"column":2}},"47":{"start":{"line":81,"column":1},"end":{"line":81,"column":77}},"48":{"start":{"line":82,"column":1},"end":{"line":82,"column":61}},"49":{"start":{"line":84,"column":1},"end":{"line":84,"column":61}},"50":{"start":{"line":84,"column":54},"end":{"line":84,"column":61}},"51":{"start":{"line":86,"column":1},"end":{"line":86,"column":49}},"52":{"start":{"line":88,"column":1},"end":{"line":112,"column":4}},"53":{"start":{"line":89,"column":2},"end":{"line":89,"column":19}},"54":{"start":{"line":90,"column":2},"end":{"line":90,"column":40}},"55":{"start":{"line":92,"column":2},"end":{"line":99,"column":3}},"56":{"start":{"line":93,"column":3},"end":{"line":98,"column":4}},"57":{"start":{"line":94,"column":4},"end":{"line":94,"column":51}},"58":{"start":{"line":95,"column":4},"end":{"line":95,"column":18}},"59":{"start":{"line":97,"column":4},"end":{"line":97,"column":44}},"60":{"start":{"line":101,"column":2},"end":{"line":111,"column":5}},"61":{"start":{"line":102,"column":3},"end":{"line":110,"column":4}},"62":{"start":{"line":103,"column":4},"end":{"line":103,"column":96}},"63":{"start":{"line":104,"column":4},"end":{"line":106,"column":5}},"64":{"start":{"line":105,"column":5},"end":{"line":105,"column":70}},"65":{"start":{"line":107,"column":4},"end":{"line":107,"column":24}},"66":{"start":{"line":109,"column":4},"end":{"line":109,"column":63}},"67":{"start":{"line":114,"column":1},"end":{"line":114,"column":20}},"68":{"start":{"line":118,"column":0},"end":{"line":134,"column":2}},"69":{"start":{"line":119,"column":1},"end":{"line":119,"column":26}},"70":{"start":{"line":122,"column":1},"end":{"line":131,"column":4}},"71":{"start":{"line":123,"column":2},"end":{"line":123,"column":19}},"72":{"start":{"line":125,"column":2},"end":{"line":128,"column":5}},"73":{"start":{"line":126,"column":3},"end":{"line":126,"column":42}},"74":{"start":{"line":127,"column":3},"end":{"line":127,"column":36}},"75":{"start":{"line":127,"column":15},"end":{"line":127,"column":36}},"76":{"start":{"line":130,"column":2},"end":{"line":130,"column":28}},"77":{"start":{"line":133,"column":1},"end":{"line":133,"column":25}},"78":{"start":{"line":137,"column":0},"end":{"line":173,"column":1}},"79":{"start":{"line":138,"column":1},"end":{"line":144,"column":3}},"80":{"start":{"line":146,"column":1},"end":{"line":146,"column":39}},"81":{"start":{"line":148,"column":1},"end":{"line":165,"column":4}},"82":{"start":{"line":149,"column":2},"end":{"line":149,"column":38}},"83":{"start":{"line":150,"column":2},"end":{"line":150,"column":54}},"84":{"start":{"line":152,"column":2},"end":{"line":155,"column":3}},"85":{"start":{"line":153,"column":3},"end":{"line":153,"column":49}},"86":{"start":{"line":154,"column":3},"end":{"line":154,"column":35}},"87":{"start":{"line":157,"column":2},"end":{"line":164,"column":3}},"88":{"start":{"line":158,"column":3},"end":{"line":158,"column":65}},"89":{"start":{"line":159,"column":3},"end":{"line":163,"column":6}},"90":{"start":{"line":167,"column":1},"end":{"line":167,"column":72}},"91":{"start":{"line":168,"column":1},"end":{"line":168,"column":49}},"92":{"start":{"line":169,"column":1},"end":{"line":169,"column":49}},"93":{"start":{"line":170,"column":1},"end":{"line":170,"column":65}},"94":{"start":{"line":171,"column":1},"end":{"line":171,"column":54}},"95":{"start":{"line":172,"column":1},"end":{"line":172,"column":66}},"96":{"start":{"line":176,"column":0},"end":{"line":183,"column":2}},"97":{"start":{"line":177,"column":1},"end":{"line":177,"column":26}},"98":{"start":{"line":178,"column":1},"end":{"line":181,"column":4}},"99":{"start":{"line":179,"column":2},"end":{"line":180,"column":50}},"100":{"start":{"line":179,"column":12},"end":{"line":179,"column":60}},"101":{"start":{"line":180,"column":7},"end":{"line":180,"column":50}},"102":{"start":{"line":182,"column":1},"end":{"line":182,"column":25}},"103":{"start":{"line":186,"column":0},"end":{"line":195,"column":2}},"104":{"start":{"line":187,"column":1},"end":{"line":194,"column":4}},"105":{"start":{"line":189,"column":2},"end":{"line":193,"column":5}},"106":{"start":{"line":192,"column":3},"end":{"line":192,"column":88}},"107":{"start":{"line":199,"column":0},"end":{"line":199,"column":40}},"108":{"start":{"line":202,"column":0},"end":{"line":204,"column":1}},"109":{"start":{"line":203,"column":1},"end":{"line":203,"column":44}}},"branchMap":{"1":{"line":24,"type":"if","locations":[{"start":{"line":24,"column":1},"end":{"line":24,"column":1}},{"start":{"line":24,"column":1},"end":{"line":24,"column":1}}]},"2":{"line":36,"type":"if","locations":[{"start":{"line":36,"column":2},"end":{"line":36,"column":2}},{"start":{"line":36,"column":2},"end":{"line":36,"column":2}}]},"3":{"line":40,"type":"if","locations":[{"start":{"line":40,"column":1},"end":{"line":40,"column":1}},{"start":{"line":40,"column":1},"end":{"line":40,"column":1}}]},"4":{"line":47,"type":"if","locations":[{"start":{"line":47,"column":1},"end":{"line":47,"column":1}},{"start":{"line":47,"column":1},"end":{"line":47,"column":1}}]},"5":{"line":47,"type":"binary-expr","locations":[{"start":{"line":47,"column":5},"end":{"line":47,"column":11}},{"start":{"line":47,"column":15},"end":{"line":47,"column":24}},{"start":{"line":47,"column":28},"end":{"line":47,"column":37}}]},"6":{"line":81,"type":"cond-expr","locations":[{"start":{"line":81,"column":53},"end":{"line":81,"column":57}},{"start":{"line":81,"column":60},"end":{"line":81,"column":76}}]},"7":{"line":84,"type":"if","locations":[{"start":{"line":84,"column":1},"end":{"line":84,"column":1}},{"start":{"line":84,"column":1},"end":{"line":84,"column":1}}]},"8":{"line":84,"type":"binary-expr","locations":[{"start":{"line":84,"column":5},"end":{"line":84,"column":23}},{"start":{"line":84,"column":27},"end":{"line":84,"column":52}}]},"9":{"line":92,"type":"if","locations":[{"start":{"line":92,"column":2},"end":{"line":92,"column":2}},{"start":{"line":92,"column":2},"end":{"line":92,"column":2}}]},"10":{"line":93,"type":"if","locations":[{"start":{"line":93,"column":3},"end":{"line":93,"column":3}},{"start":{"line":93,"column":3},"end":{"line":93,"column":3}}]},"11":{"line":102,"type":"if","locations":[{"start":{"line":102,"column":3},"end":{"line":102,"column":3}},{"start":{"line":102,"column":3},"end":{"line":102,"column":3}}]},"12":{"line":104,"type":"if","locations":[{"start":{"line":104,"column":4},"end":{"line":104,"column":4}},{"start":{"line":104,"column":4},"end":{"line":104,"column":4}}]},"13":{"line":127,"type":"if","locations":[{"start":{"line":127,"column":3},"end":{"line":127,"column":3}},{"start":{"line":127,"column":3},"end":{"line":127,"column":3}}]},"14":{"line":150,"type":"binary-expr","locations":[{"start":{"line":150,"column":18},"end":{"line":150,"column":34}},{"start":{"line":150,"column":38},"end":{"line":150,"column":53}}]},"15":{"line":152,"type":"if","locations":[{"start":{"line":152,"column":2},"end":{"line":152,"column":2}},{"start":{"line":152,"column":2},"end":{"line":152,"column":2}}]},"16":{"line":153,"type":"binary-expr","locations":[{"start":{"line":153,"column":24},"end":{"line":153,"column":42}},{"start":{"line":153,"column":46},"end":{"line":153,"column":48}}]},"17":{"line":157,"type":"if","locations":[{"start":{"line":157,"column":2},"end":{"line":157,"column":2}},{"start":{"line":157,"column":2},"end":{"line":157,"column":2}}]},"18":{"line":158,"type":"binary-expr","locations":[{"start":{"line":158,"column":32},"end":{"line":158,"column":58}},{"start":{"line":158,"column":62},"end":{"line":158,"column":64}}]},"19":{"line":179,"type":"if","locations":[{"start":{"line":179,"column":2},"end":{"line":179,"column":2}},{"start":{"line":179,"column":2},"end":{"line":179,"column":2}}]},"20":{"line":192,"type":"cond-expr","locations":[{"start":{"line":192,"column":25},"end":{"line":192,"column":51}},{"start":{"line":192,"column":54},"end":{"line":192,"column":68}}]},"21":{"line":202,"type":"if","locations":[{"start":{"line":202,"column":0},"end":{"line":202,"column":0}},{"start":{"line":202,"column":0},"end":{"line":202,"column":0}}]}},"code":["//#!/usr/bin/env node","","var child = require('child_process');","var fs = require('fs');","var util = require('util');","var q = require('qq');","","var GIT_LOG_CMD = 'git log --grep=\"%s\" -E --format=%s %s..HEAD';","var GIT_TAG_CMD = 'git describe --tags --abbrev=0';","","var HEADER_TPL = '<a name=\"%s\"></a>\\n# %s (%s)\\n\\n';","var LINK_ISSUE = '[#%s](https://github.com/ocombe/ocLazyLoad/issues/%s)';","var LINK_COMMIT = '[%s](https://github.com/ocombe/ocLazyLoad/commit/%s)';","","var EMPTY_COMPONENT = '$$';","","","var warn = function() {","\tconsole.error('WARNING:', util.format.apply(null, arguments));","};","","","var parseRawCommit = function(raw) {","\tif (!raw) return null;","","\tvar lines = raw.split('\\n');","\tvar msg = {}, match;","","\tmsg.hash = lines.shift();","\tmsg.subject = lines.shift();","\tmsg.closes = [];","\tmsg.breaks = [];","","\tlines.forEach(function(line) {","\t\tmatch = line.match(/(?:Closes|Fixes)\\s#(\\d+)/);","\t\tif (match) msg.closes.push(parseInt(match[1]));","\t});","","\tmatch = raw.match(/BREAKING CHANGE:([\\s\\S]*)/);","\tif (match) {","\t\tmsg.breaking = match[1];","\t}","","\tmsg.body = lines.join('\\n');","\tmatch = msg.subject.match(/^(\\w*)\\s?\\:\\s?(.*)$/);","","\tif (!match || !match[1] || !match[2]) {","\t\twarn('Incorrect message: %s %s', msg.hash, msg.subject);","\t\treturn null;","\t}","","\tmsg.type = match[1];","\t//\tmsg.component = match[2];","\tmsg.subject = match[2];","","\treturn msg;","};","","","var linkToIssue = function(issue) {","\treturn util.format(LINK_ISSUE, issue, issue);","};","","","var linkToCommit = function(hash) {","\treturn util.format(LINK_COMMIT, hash.substr(0, 8), hash);","};","","","var currentDate = function() {","\tvar now = new Date();","\tvar pad = function(i) {","\t\treturn ('0' + i).substr(-2);","\t};","","\treturn util.format('%d-%s-%s', now.getFullYear(), pad(now.getMonth() + 1), pad(now.getDate()));","};","","","var printSection = function(stream, title, section, printCommitLinks) {","\tprintCommitLinks = printCommitLinks === undefined ? true : printCommitLinks;","\tvar components = Object.getOwnPropertyNames(section).sort();","","\tif (!components.length || section['$$'].length <= 0) return;","","\tstream.write(util.format('\\n## %s\\n\\n', title));","","\tcomponents.forEach(function(name) {","\t\tvar prefix = '-';","\t\tvar nested = section[name].length > 1;","","\t\tif (name !== EMPTY_COMPONENT) {","\t\t\tif (nested) {","\t\t\t\tstream.write(util.format('- **%s:**\\n', name));","\t\t\t\tprefix = ' -';","\t\t\t} else {","\t\t\t\tprefix = util.format('- **%s:**', name);","\t\t\t}","\t\t}","","\t\tsection[name].forEach(function(commit) {","\t\t\tif (printCommitLinks) {","\t\t\t\tstream.write(util.format('%s %s\\n (%s', prefix, commit.subject, linkToCommit(commit.hash)));","\t\t\t\tif (commit.closes.length) {","\t\t\t\t\tstream.write(',\\n ' + commit.closes.map(linkToIssue).join(', '));","\t\t\t\t}","\t\t\t\tstream.write(')\\n');","\t\t\t} else {","\t\t\t\tstream.write(util.format('%s %s', prefix, commit.subject));","\t\t\t}","\t\t});","\t});","","\tstream.write('\\n');","};","","","var readGitLog = function(grep, from) {","\tvar deferred = q.defer();","","\t// TODO(vojta): if it's slow, use spawn and stream it instead","\tchild.exec(util.format(GIT_LOG_CMD, grep, '%H%n%s%n%b%n==END==', from), function(code, stdout, stderr) {","\t\tvar commits = [];","","\t\tstdout.split('\\n==END==\\n').forEach(function(rawCommit) {","\t\t\tvar commit = parseRawCommit(rawCommit);","\t\t\tif (commit) commits.push(commit);","\t\t});","","\t\tdeferred.resolve(commits);","\t});","","\treturn deferred.promise;","};","","","var writeChangelog = function(stream, commits, version) {","\tvar sections = {","\t\tfix: {},","\t\tfeat: {},","\t\tperf: {},","\t\tdocs: {},","\t\tbreaks: {}","\t};","","\tsections.breaks[EMPTY_COMPONENT] = [];","","\tcommits.forEach(function(commit) {","\t\tvar section = sections[commit.type];","\t\tvar component = commit.component || EMPTY_COMPONENT;","","\t\tif (section) {","\t\t\tsection[component] = section[component] || [];","\t\t\tsection[component].push(commit);","\t\t}","","\t\tif (commit.breaking) {","\t\t\tsections.breaks[component] = sections.breaks[component] || [];","\t\t\tsections.breaks[component].push({","\t\t\t\tsubject: util.format(\"due to %s,\\n %s\", linkToCommit(commit.hash), commit.breaking),","\t\t\t\thash: commit.hash,","\t\t\t\tcloses: []","\t\t\t});","\t\t};","\t});","","\tstream.write(util.format(HEADER_TPL, version, version, currentDate()));","\tprintSection(stream, 'Bug Fixes', sections.fix);","\tprintSection(stream, 'Features', sections.feat);","\tprintSection(stream, 'Performance Improvements', sections.perf);","\tprintSection(stream, 'Documentation', sections.docs);","\tprintSection(stream, 'Breaking Changes', sections.breaks, false);","}","","","var getPreviousTag = function() {","\tvar deferred = q.defer();","\tchild.exec(GIT_TAG_CMD, function(code, stdout, stderr) {","\t\tif (code) deferred.reject('Cannot get the previous tag.');","\t\telse deferred.resolve(stdout.replace('\\n', ''));","\t});","\treturn deferred.promise;","};","","","var generate = function(version, file) {","\tgetPreviousTag().then(function(tag) {","\t\t//\t\tconsole.log('Reading git log since', tag);","\t\treadGitLog('^fix|^feat|^perf|^docs|BREAKING', tag).then(function(commits) {","\t\t\t//\t\t\tconsole.log('Parsed', commits.length, 'commits');","\t\t\t//\t\t\tconsole.log('Generating changelog to', file || 'stdout', '(', version, ')');","\t\t\twriteChangelog(file ? fs.createWriteStream(file) : process.stdout, commits, version);","\t\t});","\t});","};","","","// publish for testing","exports.parseRawCommit = parseRawCommit;","","// hacky start if not run by jasmine :-D","if (process.argv.join('').indexOf('jasmine-node') === -1) {","\tgenerate(process.argv[2], process.argv[3]);","}"],"l":{"3":2,"4":2,"5":2,"6":2,"8":0,"9":0,"11":0,"12":0,"13":0,"15":0,"18":0,"19":0,"23":0,"24":0,"26":0,"27":0,"29":0,"30":0,"31":0,"32":0,"34":0,"35":0,"36":0,"39":0,"40":0,"41":0,"44":0,"45":0,"47":0,"48":0,"49":0,"52":0,"54":0,"56":0,"60":0,"61":0,"65":0,"66":0,"70":0,"71":0,"72":0,"73":0,"76":0,"80":0,"81":0,"82":0,"84":0,"86":0,"88":0,"89":0,"90":0,"92":0,"93":0,"94":0,"95":0,"97":0,"101":0,"102":0,"103":0,"104":0,"105":0,"107":0,"109":0,"114":0,"118":0,"119":0,"122":0,"123":0,"125":0,"126":0,"127":0,"130":0,"133":0,"137":0,"138":0,"146":0,"148":0,"149":0,"150":0,"152":0,"153":0,"154":0,"157":0,"158":0,"159":0,"167":0,"168":0,"169":0,"170":0,"171":0,"172":0,"176":0,"177":0,"178":0,"179":0,"180":0,"182":0,"186":0,"187":0,"189":0,"192":0,"199":0,"202":0,"203":0}}}